0 verbose cli /opt/homebrew/Cellar/node/23.10.0_1/bin/node /opt/homebrew/bin/npm
1 info using npm@10.9.2
2 info using node@v23.10.0
3 silly config load:file:/opt/homebrew/lib/node_modules/npm/npmrc
4 silly config load:file:/Users/lindaayoola/mental-load/trello-couples/.npmrc
5 silly config load:file:/Users/lindaayoola/.npmrc
6 silly config load:file:/opt/homebrew/etc/npmrc
7 verbose title npm install tailwindcss@3 postcss autoprefixer
8 verbose argv "install" "--save-dev" "tailwindcss@3" "postcss" "autoprefixer"
9 verbose logfile logs-max:10 dir:/Users/lindaayoola/mental-load/.npm-cache-4/_logs/2025-11-04T15_09_34_751Z-
10 verbose logfile /Users/lindaayoola/mental-load/.npm-cache-4/_logs/2025-11-04T15_09_34_751Z-debug-0.log
11 silly logfile done cleaning log files
12 silly packumentCache heap:4345298944 maxSize:1086324736 maxEntrySize:543162368
13 silly idealTree buildDeps
14 silly fetch manifest autoprefixer@^10.4.21
15 silly packumentCache full:https://registry.npmjs.org/autoprefixer cache-miss
16 http fetch GET 200 https://registry.npmjs.org/npm 165ms
17 http fetch GET 200 https://registry.npmjs.org/autoprefixer 122ms (cache miss)
18 silly packumentCache full:https://registry.npmjs.org/autoprefixer set size:undefined disposed:false
19 silly fetch manifest postcss@^8.5.6
20 silly packumentCache full:https://registry.npmjs.org/postcss cache-miss
21 http fetch GET 200 https://registry.npmjs.org/postcss 43ms (cache miss)
22 silly packumentCache full:https://registry.npmjs.org/postcss set size:undefined disposed:false
23 silly fetch manifest tailwindcss@3
24 silly packumentCache full:https://registry.npmjs.org/tailwindcss cache-miss
25 http fetch GET 200 https://registry.npmjs.org/tailwindcss 180ms (cache miss)
26 silly packumentCache full:https://registry.npmjs.org/tailwindcss set size:undefined disposed:false
27 silly placeDep ROOT autoprefixer@10.4.21 REPLACE for: trello-couples@0.0.0 want: ^10.4.21
28 silly placeDep ROOT postcss@8.5.6 REPLACE for: trello-couples@0.0.0 want: ^8.5.6
29 silly placeDep ROOT tailwindcss@3.4.18 REPLACE for: trello-couples@0.0.0 want: 3
30 silly fetch manifest arg@^5.0.2
31 silly packumentCache full:https://registry.npmjs.org/arg cache-miss
32 silly fetch manifest dlv@^1.1.3
33 silly packumentCache full:https://registry.npmjs.org/dlv cache-miss
34 silly fetch manifest jiti@^1.21.7
35 silly packumentCache full:https://registry.npmjs.org/jiti cache-miss
36 silly fetch manifest resolve@^1.22.8
37 silly packumentCache full:https://registry.npmjs.org/resolve cache-miss
38 silly fetch manifest sucrase@^3.35.0
39 silly packumentCache full:https://registry.npmjs.org/sucrase cache-miss
40 silly fetch manifest chokidar@^3.6.0
41 silly packumentCache full:https://registry.npmjs.org/chokidar cache-miss
42 silly fetch manifest lilconfig@^3.1.3
43 silly packumentCache full:https://registry.npmjs.org/lilconfig cache-miss
44 http fetch GET 200 https://registry.npmjs.org/arg 39ms (cache miss)
45 silly packumentCache full:https://registry.npmjs.org/arg set size:undefined disposed:false
46 silly fetch manifest didyoumean@^1.2.2
47 silly packumentCache full:https://registry.npmjs.org/didyoumean cache-miss
48 http fetch GET 200 https://registry.npmjs.org/dlv 48ms (cache miss)
49 silly packumentCache full:https://registry.npmjs.org/dlv set size:undefined disposed:false
50 silly fetch manifest postcss-js@^4.0.1
51 silly packumentCache full:https://registry.npmjs.org/postcss-js cache-miss
52 http fetch GET 200 https://registry.npmjs.org/resolve 85ms (cache miss)
53 silly packumentCache full:https://registry.npmjs.org/resolve set size:undefined disposed:false
54 silly fetch manifest object-hash@^3.0.0
55 silly packumentCache full:https://registry.npmjs.org/object-hash cache-miss
56 http fetch GET 200 https://registry.npmjs.org/didyoumean 51ms (cache miss)
57 silly packumentCache full:https://registry.npmjs.org/didyoumean set size:undefined disposed:false
58 silly fetch manifest normalize-path@^3.0.0
59 silly packumentCache full:https://registry.npmjs.org/normalize-path cache-miss
60 http fetch GET 200 https://registry.npmjs.org/chokidar 91ms (cache miss)
61 silly packumentCache full:https://registry.npmjs.org/chokidar set size:undefined disposed:false
62 silly fetch manifest postcss-import@^15.1.0
63 silly packumentCache full:https://registry.npmjs.org/postcss-import cache-miss
64 http fetch GET 200 https://registry.npmjs.org/postcss-js 49ms (cache miss)
65 silly packumentCache full:https://registry.npmjs.org/postcss-js set size:undefined disposed:false
66 silly fetch manifest postcss-nested@^6.2.0
67 silly packumentCache full:https://registry.npmjs.org/postcss-nested cache-miss
68 http fetch GET 200 https://registry.npmjs.org/lilconfig 99ms (cache miss)
69 silly packumentCache full:https://registry.npmjs.org/lilconfig set size:undefined disposed:false
70 silly fetch manifest @alloc/quick-lru@^5.2.0
71 silly packumentCache full:https://registry.npmjs.org/@alloc%2fquick-lru cache-miss
72 http fetch GET 200 https://registry.npmjs.org/sucrase 101ms (cache miss)
73 silly packumentCache full:https://registry.npmjs.org/sucrase set size:undefined disposed:false
74 silly fetch manifest postcss-load-config@^4.0.2 || ^5.0 || ^6.0
75 silly packumentCache full:https://registry.npmjs.org/postcss-load-config cache-miss
76 http fetch GET 200 https://registry.npmjs.org/jiti 104ms (cache miss)
77 silly packumentCache full:https://registry.npmjs.org/jiti set size:undefined disposed:false
78 silly fetch manifest postcss-selector-parser@^6.1.2
79 silly packumentCache full:https://registry.npmjs.org/postcss-selector-parser cache-miss
80 http fetch GET 200 https://registry.npmjs.org/object-hash 32ms (cache miss)
81 silly packumentCache full:https://registry.npmjs.org/object-hash set size:undefined disposed:false
82 http fetch GET 200 https://registry.npmjs.org/normalize-path 30ms (cache miss)
83 silly packumentCache full:https://registry.npmjs.org/normalize-path set size:undefined disposed:false
84 http fetch GET 200 https://registry.npmjs.org/postcss-load-config 33ms (cache miss)
85 silly packumentCache full:https://registry.npmjs.org/postcss-load-config set size:undefined disposed:false
86 http fetch GET 200 https://registry.npmjs.org/postcss-nested 38ms (cache miss)
87 silly packumentCache full:https://registry.npmjs.org/postcss-nested set size:undefined disposed:false
88 http fetch GET 200 https://registry.npmjs.org/postcss-selector-parser 36ms (cache miss)
89 silly packumentCache full:https://registry.npmjs.org/postcss-selector-parser set size:undefined disposed:false
90 http fetch GET 200 https://registry.npmjs.org/@alloc%2fquick-lru 52ms (cache miss)
91 silly packumentCache full:https://registry.npmjs.org/@alloc%2fquick-lru set size:undefined disposed:false
92 http fetch GET 200 https://registry.npmjs.org/postcss-import 78ms (cache miss)
93 silly packumentCache full:https://registry.npmjs.org/postcss-import set size:undefined disposed:false
94 silly fetch manifest postcss@^8.4.47
95 silly packumentCache full:https://registry.npmjs.org/postcss cache-miss
96 http cache https://registry.npmjs.org/postcss 4ms (cache hit)
97 silly packumentCache full:https://registry.npmjs.org/postcss set size:696248 disposed:false
98 silly fetch manifest tsx@^4.8.1
99 silly packumentCache full:https://registry.npmjs.org/tsx cache-miss
100 http fetch GET 200 https://registry.npmjs.org/tsx 52ms (cache miss)
101 silly packumentCache full:https://registry.npmjs.org/tsx set size:undefined disposed:false
102 silly fetch manifest yaml@^2.4.2
103 silly packumentCache full:https://registry.npmjs.org/yaml cache-miss
104 http fetch GET 200 https://registry.npmjs.org/yaml 86ms (cache miss)
105 silly packumentCache full:https://registry.npmjs.org/yaml set size:undefined disposed:false
106 silly placeDep ROOT @alloc/quick-lru@5.2.0 OK for: tailwindcss@3.4.18 want: ^5.2.0
107 silly placeDep ROOT arg@5.0.2 OK for: tailwindcss@3.4.18 want: ^5.0.2
108 silly placeDep ROOT chokidar@3.6.0 OK for: tailwindcss@3.4.18 want: ^3.6.0
109 silly placeDep ROOT didyoumean@1.2.2 OK for: tailwindcss@3.4.18 want: ^1.2.2
110 silly placeDep ROOT dlv@1.1.3 OK for: tailwindcss@3.4.18 want: ^1.1.3
111 silly placeDep ROOT jiti@1.21.7 OK for: tailwindcss@3.4.18 want: ^1.21.7
112 silly placeDep ROOT lilconfig@3.1.3 OK for: tailwindcss@3.4.18 want: ^3.1.3
113 silly placeDep ROOT normalize-path@3.0.0 OK for: tailwindcss@3.4.18 want: ^3.0.0
114 silly placeDep ROOT object-hash@3.0.0 OK for: tailwindcss@3.4.18 want: ^3.0.0
115 silly placeDep ROOT postcss-import@15.1.0 OK for: tailwindcss@3.4.18 want: ^15.1.0
116 silly placeDep ROOT postcss-js@4.1.0 OK for: tailwindcss@3.4.18 want: ^4.0.1
117 silly placeDep ROOT postcss-load-config@6.0.1 OK for: tailwindcss@3.4.18 want: ^4.0.2 || ^5.0 || ^6.0
118 silly placeDep ROOT postcss-nested@6.2.0 OK for: tailwindcss@3.4.18 want: ^6.2.0
119 silly placeDep ROOT postcss-selector-parser@6.1.2 OK for: tailwindcss@3.4.18 want: ^6.1.2
120 silly placeDep ROOT resolve@1.22.11 OK for: tailwindcss@3.4.18 want: ^1.22.8
121 silly placeDep ROOT sucrase@3.35.0 OK for: tailwindcss@3.4.18 want: ^3.35.0
122 silly fetch manifest anymatch@~3.1.2
123 silly packumentCache full:https://registry.npmjs.org/anymatch cache-miss
124 silly fetch manifest readdirp@~3.6.0
125 silly packumentCache full:https://registry.npmjs.org/readdirp cache-miss
126 silly fetch manifest glob-parent@~5.1.2
127 silly packumentCache full:https://registry.npmjs.org/glob-parent cache-miss
128 silly fetch manifest is-binary-path@~2.1.0
129 silly packumentCache full:https://registry.npmjs.org/is-binary-path cache-miss
130 silly fetch manifest normalize-path@~3.0.0
131 silly packumentCache full:https://registry.npmjs.org/normalize-path cache-miss
132 silly fetch manifest resolve@^1.1.7
133 silly packumentCache full:https://registry.npmjs.org/resolve cache-miss
134 silly fetch manifest read-cache@^1.0.0
135 silly packumentCache full:https://registry.npmjs.org/read-cache cache-miss
136 http cache https://registry.npmjs.org/resolve 2ms (cache hit)
137 silly packumentCache full:https://registry.npmjs.org/resolve set size:246681 disposed:false
138 silly fetch manifest camelcase-css@^2.0.1
139 silly packumentCache full:https://registry.npmjs.org/camelcase-css cache-miss
140 http cache https://registry.npmjs.org/normalize-path 4ms (cache hit)
141 silly packumentCache full:https://registry.npmjs.org/normalize-path set size:28713 disposed:false
142 silly fetch manifest postcss-selector-parser@^6.1.1
143 silly packumentCache full:https://registry.npmjs.org/postcss-selector-parser cache-miss
144 http cache https://registry.npmjs.org/postcss-selector-parser 1ms (cache hit)
145 silly packumentCache full:https://registry.npmjs.org/postcss-selector-parser set size:174136 disposed:false
146 silly fetch manifest cssesc@^3.0.0
147 silly packumentCache full:https://registry.npmjs.org/cssesc cache-miss
148 http fetch GET 200 https://registry.npmjs.org/glob-parent 32ms (cache miss)
149 silly packumentCache full:https://registry.npmjs.org/glob-parent set size:undefined disposed:false
150 silly fetch manifest util-deprecate@^1.0.2
151 silly packumentCache full:https://registry.npmjs.org/util-deprecate cache-miss
152 http fetch GET 200 https://registry.npmjs.org/anymatch 35ms (cache miss)
153 silly packumentCache full:https://registry.npmjs.org/anymatch set size:undefined disposed:false
154 silly fetch manifest is-core-module@^2.16.1
155 silly packumentCache full:https://registry.npmjs.org/is-core-module cache-miss
156 http fetch GET 200 https://registry.npmjs.org/is-binary-path 35ms (cache miss)
157 silly packumentCache full:https://registry.npmjs.org/is-binary-path set size:undefined disposed:false
158 silly fetch manifest path-parse@^1.0.7
159 silly packumentCache full:https://registry.npmjs.org/path-parse cache-miss
160 http fetch GET 200 https://registry.npmjs.org/cssesc 30ms (cache miss)
161 silly packumentCache full:https://registry.npmjs.org/cssesc set size:undefined disposed:false
162 silly fetch manifest supports-preserve-symlinks-flag@^1.0.0
163 silly packumentCache full:https://registry.npmjs.org/supports-preserve-symlinks-flag cache-miss
164 http fetch GET 200 https://registry.npmjs.org/read-cache 38ms (cache miss)
165 silly packumentCache full:https://registry.npmjs.org/read-cache set size:undefined disposed:false
166 silly fetch manifest commander@^4.0.0
167 silly packumentCache full:https://registry.npmjs.org/commander cache-miss
168 http fetch GET 200 https://registry.npmjs.org/camelcase-css 36ms (cache miss)
169 silly packumentCache full:https://registry.npmjs.org/camelcase-css set size:undefined disposed:false
170 silly fetch manifest glob@^10.3.10
171 silly packumentCache full:https://registry.npmjs.org/glob cache-miss
172 http fetch GET 200 https://registry.npmjs.org/readdirp 44ms (cache miss)
173 silly packumentCache full:https://registry.npmjs.org/readdirp set size:undefined disposed:false
174 silly fetch manifest lines-and-columns@^1.1.6
175 silly packumentCache full:https://registry.npmjs.org/lines-and-columns cache-miss
176 http fetch GET 200 https://registry.npmjs.org/supports-preserve-symlinks-flag 30ms (cache miss)
177 silly packumentCache full:https://registry.npmjs.org/supports-preserve-symlinks-flag set size:undefined disposed:false
178 silly fetch manifest mz@^2.7.0
179 silly packumentCache full:https://registry.npmjs.org/mz cache-miss
180 http fetch GET 200 https://registry.npmjs.org/is-core-module 33ms (cache miss)
181 silly packumentCache full:https://registry.npmjs.org/is-core-module set size:undefined disposed:false
182 silly fetch manifest pirates@^4.0.1
183 silly packumentCache full:https://registry.npmjs.org/pirates cache-miss
184 http fetch GET 200 https://registry.npmjs.org/util-deprecate 36ms (cache miss)
185 silly packumentCache full:https://registry.npmjs.org/util-deprecate set size:undefined disposed:false
186 silly fetch manifest ts-interface-checker@^0.1.9
187 silly packumentCache full:https://registry.npmjs.org/ts-interface-checker cache-miss
188 http fetch GET 200 https://registry.npmjs.org/path-parse 35ms (cache miss)
189 silly packumentCache full:https://registry.npmjs.org/path-parse set size:undefined disposed:false
190 http fetch GET 200 https://registry.npmjs.org/commander 42ms (cache miss)
191 silly packumentCache full:https://registry.npmjs.org/commander set size:undefined disposed:false
192 http fetch GET 200 https://registry.npmjs.org/glob 44ms (cache miss)
193 silly packumentCache full:https://registry.npmjs.org/glob set size:undefined disposed:false
194 http fetch GET 200 https://registry.npmjs.org/lines-and-columns 41ms (cache miss)
195 silly packumentCache full:https://registry.npmjs.org/lines-and-columns set size:undefined disposed:false
196 http fetch GET 200 https://registry.npmjs.org/mz 31ms (cache miss)
197 silly packumentCache full:https://registry.npmjs.org/mz set size:undefined disposed:false
198 http fetch GET 200 https://registry.npmjs.org/pirates 35ms (cache miss)
199 silly packumentCache full:https://registry.npmjs.org/pirates set size:undefined disposed:false
200 http fetch GET 200 https://registry.npmjs.org/ts-interface-checker 35ms (cache miss)
201 silly packumentCache full:https://registry.npmjs.org/ts-interface-checker set size:undefined disposed:false
202 silly placeDep ROOT anymatch@3.1.3 OK for: chokidar@3.6.0 want: ~3.1.2
203 silly placeDep node_modules/chokidar glob-parent@5.1.2 OK for: chokidar@3.6.0 want: ~5.1.2
204 silly placeDep ROOT is-binary-path@2.1.0 OK for: chokidar@3.6.0 want: ~2.1.0
205 silly placeDep ROOT readdirp@3.6.0 OK for: chokidar@3.6.0 want: ~3.6.0
206 silly fetch manifest binary-extensions@^2.0.0
207 silly packumentCache full:https://registry.npmjs.org/binary-extensions cache-miss
208 http fetch GET 200 https://registry.npmjs.org/binary-extensions 36ms (cache miss)
209 silly packumentCache full:https://registry.npmjs.org/binary-extensions set size:undefined disposed:false
210 silly placeDep ROOT binary-extensions@2.3.0 OK for: is-binary-path@2.1.0 want: ^2.0.0
211 silly placeDep ROOT read-cache@1.0.0 OK for: postcss-import@15.1.0 want: ^1.0.0
212 silly fetch manifest pify@^2.3.0
213 silly packumentCache full:https://registry.npmjs.org/pify cache-miss
214 http fetch GET 200 https://registry.npmjs.org/pify 25ms (cache miss)
215 silly packumentCache full:https://registry.npmjs.org/pify set size:undefined disposed:false
216 silly placeDep ROOT camelcase-css@2.0.1 OK for: postcss-js@4.1.0 want: ^2.0.1
217 silly placeDep ROOT cssesc@3.0.0 OK for: postcss-selector-parser@6.1.2 want: ^3.0.0
218 silly placeDep ROOT util-deprecate@1.0.2 OK for: postcss-selector-parser@6.1.2 want: ^1.0.2
219 silly placeDep ROOT pify@2.3.0 OK for: read-cache@1.0.0 want: ^2.3.0
220 silly placeDep ROOT is-core-module@2.16.1 OK for: resolve@1.22.11 want: ^2.16.1
221 silly placeDep ROOT path-parse@1.0.7 OK for: resolve@1.22.11 want: ^1.0.7
222 silly placeDep ROOT supports-preserve-symlinks-flag@1.0.0 OK for: resolve@1.22.11 want: ^1.0.0
223 silly fetch manifest hasown@^2.0.2
224 silly packumentCache full:https://registry.npmjs.org/hasown cache-miss
225 http fetch GET 200 https://registry.npmjs.org/hasown 48ms (cache miss)
226 silly packumentCache full:https://registry.npmjs.org/hasown set size:undefined disposed:false
227 silly placeDep ROOT hasown@2.0.2 OK for: is-core-module@2.16.1 want: ^2.0.2
228 silly fetch manifest function-bind@^1.1.2
229 silly packumentCache full:https://registry.npmjs.org/function-bind cache-miss
230 http fetch GET 200 https://registry.npmjs.org/function-bind 34ms (cache miss)
231 silly packumentCache full:https://registry.npmjs.org/function-bind set size:undefined disposed:false
232 silly placeDep ROOT function-bind@1.1.2 OK for: hasown@2.0.2 want: ^1.1.2
233 silly placeDep ROOT commander@4.1.1 OK for: sucrase@3.35.0 want: ^4.0.0
234 silly placeDep node_modules/sucrase glob@10.4.5 OK for: sucrase@3.35.0 want: ^10.3.10
235 silly placeDep ROOT lines-and-columns@1.2.4 OK for: sucrase@3.35.0 want: ^1.1.6
236 silly placeDep ROOT mz@2.7.0 OK for: sucrase@3.35.0 want: ^2.7.0
237 silly placeDep ROOT pirates@4.0.7 OK for: sucrase@3.35.0 want: ^4.0.1
238 silly placeDep ROOT ts-interface-checker@0.1.13 OK for: sucrase@3.35.0 want: ^0.1.9
239 silly fetch manifest minipass@^7.1.2
240 silly packumentCache full:https://registry.npmjs.org/minipass cache-miss
241 silly fetch manifest jackspeak@^3.1.2
242 silly packumentCache full:https://registry.npmjs.org/jackspeak cache-miss
243 silly fetch manifest minimatch@^9.0.4
244 silly packumentCache full:https://registry.npmjs.org/minimatch cache-miss
245 silly fetch manifest path-scurry@^1.11.1
246 silly packumentCache full:https://registry.npmjs.org/path-scurry cache-miss
247 silly fetch manifest foreground-child@^3.1.0
248 silly packumentCache full:https://registry.npmjs.org/foreground-child cache-miss
249 silly fetch manifest package-json-from-dist@^1.0.0
250 silly packumentCache full:https://registry.npmjs.org/package-json-from-dist cache-miss
251 silly fetch manifest any-promise@^1.0.0
252 silly packumentCache full:https://registry.npmjs.org/any-promise cache-miss
253 http fetch GET 200 https://registry.npmjs.org/foreground-child 27ms (cache miss)
254 silly packumentCache full:https://registry.npmjs.org/foreground-child set size:undefined disposed:false
255 silly fetch manifest object-assign@^4.0.1
256 silly packumentCache full:https://registry.npmjs.org/object-assign cache-miss
257 http fetch GET 200 https://registry.npmjs.org/any-promise 30ms (cache miss)
258 silly packumentCache full:https://registry.npmjs.org/any-promise set size:undefined disposed:false
259 silly fetch manifest thenify-all@^1.0.0
260 silly packumentCache full:https://registry.npmjs.org/thenify-all cache-miss
261 http fetch GET 200 https://registry.npmjs.org/jackspeak 31ms (cache miss)
262 silly packumentCache full:https://registry.npmjs.org/jackspeak set size:undefined disposed:false
263 http fetch GET 200 https://registry.npmjs.org/package-json-from-dist 42ms (cache miss)
264 silly packumentCache full:https://registry.npmjs.org/package-json-from-dist set size:undefined disposed:false
265 http fetch GET 200 https://registry.npmjs.org/path-scurry 43ms (cache miss)
266 silly packumentCache full:https://registry.npmjs.org/path-scurry set size:undefined disposed:false
267 http fetch GET 200 https://registry.npmjs.org/minipass 45ms (cache miss)
268 silly packumentCache full:https://registry.npmjs.org/minipass set size:undefined disposed:false
269 http fetch GET 200 https://registry.npmjs.org/minimatch 47ms (cache miss)
270 silly packumentCache full:https://registry.npmjs.org/minimatch set size:undefined disposed:false
271 http fetch GET 200 https://registry.npmjs.org/object-assign 31ms (cache miss)
272 silly packumentCache full:https://registry.npmjs.org/object-assign set size:undefined disposed:false
273 http fetch GET 200 https://registry.npmjs.org/thenify-all 32ms (cache miss)
274 silly packumentCache full:https://registry.npmjs.org/thenify-all set size:undefined disposed:false
275 silly placeDep ROOT any-promise@1.3.0 OK for: mz@2.7.0 want: ^1.0.0
276 silly placeDep ROOT object-assign@4.1.1 OK for: mz@2.7.0 want: ^4.0.1
277 silly placeDep ROOT thenify-all@1.6.0 OK for: mz@2.7.0 want: ^1.0.0
278 silly fetch manifest thenify@>= 3.1.0 < 4
279 silly packumentCache full:https://registry.npmjs.org/thenify cache-miss
280 http fetch GET 200 https://registry.npmjs.org/thenify 39ms (cache miss)
281 silly packumentCache full:https://registry.npmjs.org/thenify set size:undefined disposed:false
282 silly placeDep ROOT thenify@3.3.1 OK for: thenify-all@1.6.0 want: >= 3.1.0 < 4
283 silly placeDep ROOT foreground-child@3.3.1 OK for: glob@10.4.5 want: ^3.1.0
284 silly placeDep ROOT jackspeak@3.4.3 OK for: glob@10.4.5 want: ^3.1.2
285 silly placeDep node_modules/sucrase minimatch@9.0.5 OK for: glob@10.4.5 want: ^9.0.4
286 silly placeDep ROOT minipass@7.1.2 OK for: glob@10.4.5 want: ^7.1.2
287 silly placeDep ROOT package-json-from-dist@1.0.1 OK for: glob@10.4.5 want: ^1.0.0
288 silly placeDep ROOT path-scurry@1.11.1 OK for: glob@10.4.5 want: ^1.11.1
289 silly fetch manifest signal-exit@^4.0.1
290 silly packumentCache full:https://registry.npmjs.org/signal-exit cache-miss
291 silly fetch manifest @isaacs/cliui@^8.0.2
292 silly packumentCache full:https://registry.npmjs.org/@isaacs%2fcliui cache-miss
293 silly fetch manifest @pkgjs/parseargs@^0.11.0
294 silly packumentCache full:https://registry.npmjs.org/@pkgjs%2fparseargs cache-miss
295 silly fetch manifest lru-cache@^10.2.0
296 silly packumentCache full:https://registry.npmjs.org/lru-cache cache-miss
297 http fetch GET 200 https://registry.npmjs.org/signal-exit 39ms (cache miss)
298 silly packumentCache full:https://registry.npmjs.org/signal-exit set size:undefined disposed:false
299 http fetch GET 200 https://registry.npmjs.org/lru-cache 40ms (cache miss)
300 silly packumentCache full:https://registry.npmjs.org/lru-cache set size:undefined disposed:false
301 http fetch GET 200 https://registry.npmjs.org/@isaacs%2fcliui 51ms (cache miss)
302 silly packumentCache full:https://registry.npmjs.org/@isaacs%2fcliui set size:undefined disposed:false
303 http fetch GET 200 https://registry.npmjs.org/@pkgjs%2fparseargs 52ms (cache miss)
304 silly packumentCache full:https://registry.npmjs.org/@pkgjs%2fparseargs set size:undefined disposed:false
305 silly placeDep ROOT signal-exit@4.1.0 OK for: foreground-child@3.3.1 want: ^4.0.1
306 silly placeDep ROOT @isaacs/cliui@8.0.2 OK for: jackspeak@3.4.3 want: ^8.0.2
307 silly placeDep ROOT @pkgjs/parseargs@0.11.0 OK for: jackspeak@3.4.3 want: ^0.11.0
308 silly fetch manifest string-width@^5.1.2
309 silly packumentCache full:https://registry.npmjs.org/string-width cache-miss
310 silly fetch manifest string-width-cjs@npm:string-width@^4.2.0
311 silly packumentCache full:https://registry.npmjs.org/string-width cache-miss
312 silly fetch manifest strip-ansi@^7.0.1
313 silly packumentCache full:https://registry.npmjs.org/strip-ansi cache-miss
314 silly fetch manifest strip-ansi-cjs@npm:strip-ansi@^6.0.1
315 silly packumentCache full:https://registry.npmjs.org/strip-ansi cache-miss
316 silly fetch manifest wrap-ansi@^8.1.0
317 silly packumentCache full:https://registry.npmjs.org/wrap-ansi cache-miss
318 silly fetch manifest wrap-ansi-cjs@npm:wrap-ansi@^7.0.0
319 silly packumentCache full:https://registry.npmjs.org/wrap-ansi cache-miss
320 http fetch GET 200 https://registry.npmjs.org/strip-ansi 29ms (cache miss)
321 silly packumentCache full:https://registry.npmjs.org/strip-ansi set size:undefined disposed:false
322 http fetch GET 200 https://registry.npmjs.org/string-width 33ms (cache miss)
323 silly packumentCache full:https://registry.npmjs.org/string-width set size:undefined disposed:false
324 http fetch GET 200 https://registry.npmjs.org/wrap-ansi 37ms (cache miss)
325 silly packumentCache full:https://registry.npmjs.org/wrap-ansi set size:undefined disposed:false
326 http fetch GET 200 https://registry.npmjs.org/wrap-ansi 39ms (cache miss)
327 silly packumentCache full:https://registry.npmjs.org/wrap-ansi set size:undefined disposed:false
328 http fetch GET 200 https://registry.npmjs.org/string-width 45ms (cache miss)
329 silly packumentCache full:https://registry.npmjs.org/string-width set size:undefined disposed:false
330 http fetch GET 200 https://registry.npmjs.org/strip-ansi 47ms (cache miss)
331 silly packumentCache full:https://registry.npmjs.org/strip-ansi set size:undefined disposed:false
332 silly placeDep ROOT string-width@5.1.2 OK for: @isaacs/cliui@8.0.2 want: ^5.1.2
333 silly placeDep ROOT string-width-cjs@4.2.3 OK for: @isaacs/cliui@8.0.2 want: npm:string-width@^4.2.0
334 silly placeDep node_modules/@isaacs/cliui strip-ansi@7.1.2 OK for: @isaacs/cliui@8.0.2 want: ^7.0.1
335 silly placeDep ROOT strip-ansi-cjs@6.0.1 OK for: @isaacs/cliui@8.0.2 want: npm:strip-ansi@^6.0.1
336 silly placeDep ROOT wrap-ansi@8.1.0 OK for: @isaacs/cliui@8.0.2 want: ^8.1.0
337 silly placeDep ROOT wrap-ansi-cjs@7.0.0 OK for: @isaacs/cliui@8.0.2 want: npm:wrap-ansi@^7.0.0
338 silly fetch manifest emoji-regex@^9.2.2
339 silly packumentCache full:https://registry.npmjs.org/emoji-regex cache-miss
340 silly fetch manifest eastasianwidth@^0.2.0
341 silly packumentCache full:https://registry.npmjs.org/eastasianwidth cache-miss
342 silly fetch manifest emoji-regex@^8.0.0
343 silly packumentCache full:https://registry.npmjs.org/emoji-regex cache-miss
344 silly fetch manifest is-fullwidth-code-point@^3.0.0
345 silly packumentCache full:https://registry.npmjs.org/is-fullwidth-code-point cache-miss
346 silly fetch manifest ansi-regex@^6.0.1
347 silly packumentCache full:https://registry.npmjs.org/ansi-regex cache-miss
348 silly fetch manifest ansi-styles@^6.1.0
349 silly packumentCache full:https://registry.npmjs.org/ansi-styles cache-miss
350 silly fetch manifest string-width@^4.1.0
351 silly packumentCache full:https://registry.npmjs.org/string-width cache-miss
352 http cache https://registry.npmjs.org/string-width 3ms (cache hit)
353 silly packumentCache full:https://registry.npmjs.org/string-width set size:64158 disposed:false
354 http fetch GET 200 https://registry.npmjs.org/ansi-styles 29ms (cache miss)
355 silly packumentCache full:https://registry.npmjs.org/ansi-styles set size:undefined disposed:false
356 http fetch GET 200 https://registry.npmjs.org/emoji-regex 32ms (cache miss)
357 silly packumentCache full:https://registry.npmjs.org/emoji-regex set size:undefined disposed:false
358 http fetch GET 200 https://registry.npmjs.org/is-fullwidth-code-point 33ms (cache miss)
359 silly packumentCache full:https://registry.npmjs.org/is-fullwidth-code-point set size:undefined disposed:false
360 http fetch GET 200 https://registry.npmjs.org/ansi-regex 34ms (cache miss)
361 silly packumentCache full:https://registry.npmjs.org/ansi-regex set size:undefined disposed:false
362 http fetch GET 200 https://registry.npmjs.org/eastasianwidth 39ms (cache miss)
363 silly packumentCache full:https://registry.npmjs.org/eastasianwidth set size:undefined disposed:false
364 http fetch GET 200 https://registry.npmjs.org/emoji-regex 51ms (cache miss)
365 silly packumentCache full:https://registry.npmjs.org/emoji-regex set size:undefined disposed:false
366 silly placeDep node_modules/path-scurry lru-cache@10.4.3 OK for: path-scurry@1.11.1 want: ^10.2.0
367 silly placeDep ROOT eastasianwidth@0.2.0 OK for: string-width@5.1.2 want: ^0.2.0
368 silly placeDep ROOT emoji-regex@9.2.2 OK for: string-width@5.1.2 want: ^9.2.2
369 silly placeDep node_modules/string-width strip-ansi@7.1.2 OK for: string-width@5.1.2 want: ^7.0.1
370 silly placeDep node_modules/string-width-cjs emoji-regex@8.0.0 OK for: string-width@4.2.3 want: ^8.0.0
371 silly placeDep ROOT is-fullwidth-code-point@3.0.0 OK for: string-width@4.2.3 want: ^3.0.0
372 silly placeDep node_modules/wrap-ansi ansi-styles@6.2.3 OK for: wrap-ansi@8.1.0 want: ^6.1.0
373 silly placeDep node_modules/wrap-ansi strip-ansi@7.1.2 OK for: wrap-ansi@8.1.0 want: ^7.0.1
374 silly placeDep node_modules/wrap-ansi-cjs string-width@4.2.3 OK for: wrap-ansi@7.0.0 want: ^4.1.0
375 silly placeDep node_modules/@isaacs/cliui ansi-regex@6.2.2 OK for: strip-ansi@7.1.2 want: ^6.0.1
376 silly placeDep node_modules/string-width ansi-regex@6.2.2 OK for: strip-ansi@7.1.2 want: ^6.0.1
377 silly placeDep node_modules/wrap-ansi-cjs emoji-regex@8.0.0 OK for: string-width@4.2.3 want: ^8.0.0
378 silly placeDep node_modules/wrap-ansi ansi-regex@6.2.2 OK for: strip-ansi@7.1.2 want: ^6.0.1
379 silly reify mark retired [
379 silly reify   '/Users/lindaayoola/mental-load/trello-couples/node_modules/tailwindcss'
379 silly reify ]
380 silly reify moves {
380 silly reify   '/Users/lindaayoola/mental-load/trello-couples/node_modules/tailwindcss': '/Users/lindaayoola/mental-load/trello-couples/node_modules/.tailwindcss-OGjVAzV1'
380 silly reify }
381 silly audit bulk request {
381 silly audit   '@babel/code-frame': [ '7.27.1' ],
381 silly audit   '@babel/compat-data': [ '7.28.5' ],
381 silly audit   '@babel/core': [ '7.28.5' ],
381 silly audit   semver: [ '6.3.1', '7.7.3' ],
381 silly audit   '@babel/generator': [ '7.28.5' ],
381 silly audit   '@babel/helper-compilation-targets': [ '7.27.2' ],
381 silly audit   '@babel/helper-globals': [ '7.28.0' ],
381 silly audit   '@babel/helper-module-imports': [ '7.27.1' ],
381 silly audit   '@babel/helper-module-transforms': [ '7.28.3' ],
381 silly audit   '@babel/helper-plugin-utils': [ '7.27.1' ],
381 silly audit   '@babel/helper-string-parser': [ '7.27.1' ],
381 silly audit   '@babel/helper-validator-identifier': [ '7.28.5' ],
381 silly audit   '@babel/helper-validator-option': [ '7.27.1' ],
381 silly audit   '@babel/helpers': [ '7.28.4' ],
381 silly audit   '@babel/parser': [ '7.28.5' ],
381 silly audit   '@babel/plugin-transform-react-jsx-self': [ '7.27.1' ],
381 silly audit   '@babel/plugin-transform-react-jsx-source': [ '7.27.1' ],
381 silly audit   '@babel/template': [ '7.27.2' ],
381 silly audit   '@babel/traverse': [ '7.28.5' ],
381 silly audit   '@babel/types': [ '7.28.5' ],
381 silly audit   '@esbuild/aix-ppc64': [ '0.21.5' ],
381 silly audit   '@esbuild/android-arm': [ '0.21.5' ],
381 silly audit   '@esbuild/android-arm64': [ '0.21.5' ],
381 silly audit   '@esbuild/android-x64': [ '0.21.5' ],
381 silly audit   '@esbuild/darwin-arm64': [ '0.21.5' ],
381 silly audit   '@esbuild/darwin-x64': [ '0.21.5' ],
381 silly audit   '@esbuild/freebsd-arm64': [ '0.21.5' ],
381 silly audit   '@esbuild/freebsd-x64': [ '0.21.5' ],
381 silly audit   '@esbuild/linux-arm': [ '0.21.5' ],
381 silly audit   '@esbuild/linux-arm64': [ '0.21.5' ],
381 silly audit   '@esbuild/linux-ia32': [ '0.21.5' ],
381 silly audit   '@esbuild/linux-loong64': [ '0.21.5' ],
381 silly audit   '@esbuild/linux-mips64el': [ '0.21.5' ],
381 silly audit   '@esbuild/linux-ppc64': [ '0.21.5' ],
381 silly audit   '@esbuild/linux-riscv64': [ '0.21.5' ],
381 silly audit   '@esbuild/linux-s390x': [ '0.21.5' ],
381 silly audit   '@esbuild/linux-x64': [ '0.21.5' ],
381 silly audit   '@esbuild/netbsd-x64': [ '0.21.5' ],
381 silly audit   '@esbuild/openbsd-x64': [ '0.21.5' ],
381 silly audit   '@esbuild/sunos-x64': [ '0.21.5' ],
381 silly audit   '@esbuild/win32-arm64': [ '0.21.5' ],
381 silly audit   '@esbuild/win32-ia32': [ '0.21.5' ],
381 silly audit   '@esbuild/win32-x64': [ '0.21.5' ],
381 silly audit   '@eslint-community/eslint-utils': [ '4.9.0' ],
381 silly audit   '@eslint-community/regexpp': [ '4.12.2' ],
381 silly audit   '@eslint/eslintrc': [ '2.1.4' ],
381 silly audit   'brace-expansion': [ '1.1.12', '2.0.2' ],
381 silly audit   minimatch: [ '3.1.2', '9.0.3', '9.0.5' ],
381 silly audit   '@eslint/js': [ '8.57.1' ],
381 silly audit   '@humanwhocodes/config-array': [ '0.13.0' ],
381 silly audit   '@humanwhocodes/module-importer': [ '1.0.1' ],
381 silly audit   '@humanwhocodes/object-schema': [ '2.0.3' ],
381 silly audit   '@jridgewell/gen-mapping': [ '0.3.13' ],
381 silly audit   '@jridgewell/remapping': [ '2.3.5' ],
381 silly audit   '@jridgewell/resolve-uri': [ '3.1.2' ],
381 silly audit   '@jridgewell/sourcemap-codec': [ '1.5.5' ],
381 silly audit   '@jridgewell/trace-mapping': [ '0.3.31' ],
381 silly audit   '@nodelib/fs.scandir': [ '2.1.5' ],
381 silly audit   '@nodelib/fs.stat': [ '2.0.5' ],
381 silly audit   '@nodelib/fs.walk': [ '1.2.8' ],
381 silly audit   '@rolldown/pluginutils': [ '1.0.0-beta.27' ],
381 silly audit   '@rollup/rollup-android-arm-eabi': [ '4.52.5' ],
381 silly audit   '@rollup/rollup-android-arm64': [ '4.52.5' ],
381 silly audit   '@rollup/rollup-darwin-arm64': [ '4.52.5' ],
381 silly audit   '@rollup/rollup-darwin-x64': [ '4.52.5' ],
381 silly audit   '@rollup/rollup-freebsd-arm64': [ '4.52.5' ],
381 silly audit   '@rollup/rollup-freebsd-x64': [ '4.52.5' ],
381 silly audit   '@rollup/rollup-linux-arm-gnueabihf': [ '4.52.5' ],
381 silly audit   '@rollup/rollup-linux-arm-musleabihf': [ '4.52.5' ],
381 silly audit   '@rollup/rollup-linux-arm64-gnu': [ '4.52.5' ],
381 silly audit   '@rollup/rollup-linux-arm64-musl': [ '4.52.5' ],
381 silly audit   '@rollup/rollup-linux-loong64-gnu': [ '4.52.5' ],
381 silly audit   '@rollup/rollup-linux-ppc64-gnu': [ '4.52.5' ],
381 silly audit   '@rollup/rollup-linux-riscv64-gnu': [ '4.52.5' ],
381 silly audit   '@rollup/rollup-linux-riscv64-musl': [ '4.52.5' ],
381 silly audit   '@rollup/rollup-linux-s390x-gnu': [ '4.52.5' ],
381 silly audit   '@rollup/rollup-linux-x64-gnu': [ '4.52.5' ],
381 silly audit   '@rollup/rollup-linux-x64-musl': [ '4.52.5' ],
381 silly audit   '@rollup/rollup-openharmony-arm64': [ '4.52.5' ],
381 silly audit   '@rollup/rollup-win32-arm64-msvc': [ '4.52.5' ],
381 silly audit   '@rollup/rollup-win32-ia32-msvc': [ '4.52.5' ],
381 silly audit   '@rollup/rollup-win32-x64-gnu': [ '4.52.5' ],
381 silly audit   '@rollup/rollup-win32-x64-msvc': [ '4.52.5' ],
381 silly audit   '@types/babel__core': [ '7.20.5' ],
381 silly audit   '@types/babel__generator': [ '7.27.0' ],
381 silly audit   '@types/babel__template': [ '7.4.4' ],
381 silly audit   '@types/babel__traverse': [ '7.28.0' ],
381 silly audit   '@types/estree': [ '1.0.8' ],
381 silly audit   '@types/json-schema': [ '7.0.15' ],
381 silly audit   '@types/prop-types': [ '15.7.15' ],
381 silly audit   '@types/react': [ '18.3.26' ],
381 silly audit   '@types/react-dom': [ '18.3.7' ],
381 silly audit   '@types/semver': [ '7.7.1' ],
381 silly audit   '@typescript-eslint/eslint-plugin': [ '6.21.0' ],
381 silly audit   '@typescript-eslint/parser': [ '6.21.0' ],
381 silly audit   '@typescript-eslint/scope-manager': [ '6.21.0' ],
381 silly audit   '@typescript-eslint/type-utils': [ '6.21.0' ],
381 silly audit   '@typescript-eslint/types': [ '6.21.0' ],
381 silly audit   '@typescript-eslint/typescript-estree': [ '6.21.0' ],
381 silly audit   '@typescript-eslint/utils': [ '6.21.0' ],
381 silly audit   '@typescript-eslint/visitor-keys': [ '6.21.0' ],
381 silly audit   '@ungap/structured-clone': [ '1.3.0' ],
381 silly audit   '@vitejs/plugin-react': [ '4.7.0' ],
381 silly audit   acorn: [ '8.15.0' ],
381 silly audit   'acorn-jsx': [ '5.3.2' ],
381 silly audit   ajv: [ '6.12.6' ],
381 silly audit   'ansi-regex': [ '5.0.1', '6.2.2' ],
381 silly audit   'ansi-styles': [ '4.3.0', '6.2.3' ],
381 silly audit   argparse: [ '2.0.1' ],
381 silly audit   'array-union': [ '2.1.0' ],
381 silly audit   'balanced-match': [ '1.0.2' ],
381 silly audit   'baseline-browser-mapping': [ '2.8.24' ],
381 silly audit   braces: [ '3.0.3' ],
381 silly audit   browserslist: [ '4.27.0' ],
381 silly audit   callsites: [ '3.1.0' ],
381 silly audit   'caniuse-lite': [ '1.0.30001753' ],
381 silly audit   chalk: [ '4.1.2' ],
381 silly audit   'color-convert': [ '2.0.1' ],
381 silly audit   'color-name': [ '1.1.4' ],
381 silly audit   'concat-map': [ '0.0.1' ],
381 silly audit   'convert-source-map': [ '2.0.0' ],
381 silly audit   'cross-spawn': [ '7.0.6' ],
381 silly audit   csstype: [ '3.1.3' ],
381 silly audit   debug: [ '4.4.3' ],
381 silly audit   'deep-is': [ '0.1.4' ],
381 silly audit   'dir-glob': [ '3.0.1' ],
381 silly audit   doctrine: [ '3.0.0' ],
381 silly audit   'electron-to-chromium': [ '1.5.244' ],
381 silly audit   esbuild: [ '0.21.5' ],
381 silly audit   escalade: [ '3.2.0' ],
381 silly audit   'escape-string-regexp': [ '4.0.0' ],
381 silly audit   eslint: [ '8.57.1' ],
381 silly audit   'eslint-plugin-react-hooks': [ '4.6.2' ],
381 silly audit   'eslint-plugin-react-refresh': [ '0.4.24' ],
381 silly audit   'eslint-scope': [ '7.2.2' ],
381 silly audit   'eslint-visitor-keys': [ '3.4.3' ],
381 silly audit   espree: [ '9.6.1' ],
381 silly audit   esquery: [ '1.6.0' ],
381 silly audit   esrecurse: [ '4.3.0' ],
381 silly audit   estraverse: [ '5.3.0' ],
381 silly audit   esutils: [ '2.0.3' ],
381 silly audit   'fast-deep-equal': [ '3.1.3' ],
381 silly audit   'fast-glob': [ '3.3.3' ],
381 silly audit   'glob-parent': [ '5.1.2', '6.0.2' ],
381 silly audit   'fast-json-stable-stringify': [ '2.1.0' ],
381 silly audit   'fast-levenshtein': [ '2.0.6' ],
381 silly audit   fastq: [ '1.19.1' ],
381 silly audit   'file-entry-cache': [ '6.0.1' ],
381 silly audit   'fill-range': [ '7.1.1' ],
381 silly audit   'find-up': [ '5.0.0' ],
381 silly audit   'flat-cache': [ '3.2.0' ],
381 silly audit   flatted: [ '3.3.3' ],
381 silly audit   'fraction.js': [ '4.3.7' ],
381 silly audit   'fs.realpath': [ '1.0.0' ],
381 silly audit   fsevents: [ '2.3.3' ],
381 silly audit   gensync: [ '1.0.0-beta.2' ],
381 silly audit   glob: [ '7.2.3', '10.4.5' ],
381 silly audit   globals: [ '13.24.0' ],
381 silly audit   globby: [ '11.1.0' ],
381 silly audit   graphemer: [ '1.4.0' ],
381 silly audit   'has-flag': [ '4.0.0' ],
381 silly audit   ignore: [ '5.3.2' ],
381 silly audit   'import-fresh': [ '3.3.1' ],
381 silly audit   imurmurhash: [ '0.1.4' ],
381 silly audit   inflight: [ '1.0.6' ],
381 silly audit   inherits: [ '2.0.4' ],
381 silly audit   'is-extglob': [ '2.1.1' ],
381 silly audit   'is-glob': [ '4.0.3' ],
381 silly audit   'is-number': [ '7.0.0' ],
381 silly audit   'is-path-inside': [ '3.0.3' ],
381 silly audit   isexe: [ '2.0.0' ],
381 silly audit   'js-tokens': [ '4.0.0' ],
381 silly audit   'js-yaml': [ '4.1.0' ],
381 silly audit   jsesc: [ '3.1.0' ],
381 silly audit   'json-buffer': [ '3.0.1' ],
381 silly audit   'json-schema-traverse': [ '0.4.1' ],
381 silly audit   'json-stable-stringify-without-jsonify': [ '1.0.1' ],
381 silly audit   json5: [ '2.2.3' ],
381 silly audit   keyv: [ '4.5.4' ],
381 silly audit   levn: [ '0.4.1' ],
381 silly audit   'locate-path': [ '6.0.0' ],
381 silly audit   'lodash.merge': [ '4.6.2' ],
381 silly audit   'loose-envify': [ '1.4.0' ],
381 silly audit   'lru-cache': [ '5.1.1', '10.4.3' ],
381 silly audit   merge2: [ '1.4.1' ],
381 silly audit   micromatch: [ '4.0.8' ],
381 silly audit   ms: [ '2.1.3' ],
381 silly audit   nanoid: [ '3.3.11' ],
381 silly audit   'natural-compare': [ '1.4.0' ],
381 silly audit   'node-releases': [ '2.0.27' ],
381 silly audit   'normalize-range': [ '0.1.2' ],
381 silly audit   once: [ '1.4.0' ],
381 silly audit   optionator: [ '0.9.4' ],
381 silly audit   'p-limit': [ '3.1.0' ],
381 silly audit   'p-locate': [ '5.0.0' ],
381 silly audit   'parent-module': [ '1.0.1' ],
381 silly audit   'path-exists': [ '4.0.0' ],
381 silly audit   'path-is-absolute': [ '1.0.1' ],
381 silly audit   'path-key': [ '3.1.1' ],
381 silly audit   'path-type': [ '4.0.0' ],
381 silly audit   picocolors: [ '1.1.1' ],
381 silly audit   picomatch: [ '2.3.1' ],
381 silly audit   'postcss-value-parser': [ '4.2.0' ],
381 silly audit   'prelude-ls': [ '1.2.1' ],
381 silly audit   punycode: [ '2.3.1' ],
381 silly audit   'queue-microtask': [ '1.2.3' ],
381 silly audit   react: [ '18.3.1' ],
381 silly audit   'react-dom': [ '18.3.1' ],
381 silly audit   'react-refresh': [ '0.17.0' ],
381 silly audit   'resolve-from': [ '4.0.0' ],
381 silly audit   reusify: [ '1.1.0' ],
381 silly audit   rimraf: [ '3.0.2' ],
381 silly audit   rollup: [ '4.52.5' ],
381 silly audit   'run-parallel': [ '1.2.0' ],
381 silly audit   scheduler: [ '0.23.2' ],
381 silly audit   'shebang-command': [ '2.0.0' ],
381 silly audit   'shebang-regex': [ '3.0.0' ],
381 silly audit   slash: [ '3.0.0' ],
381 silly audit   'source-map-js': [ '1.2.1' ],
381 silly audit   'strip-ansi': [ '6.0.1', '7.1.2' ],
381 silly audit   'strip-json-comments': [ '3.1.1' ],
381 silly audit   'supports-color': [ '7.2.0' ],
381 silly audit   'text-table': [ '0.2.0' ],
381 silly audit   'to-regex-range': [ '5.0.1' ],
381 silly audit   'ts-api-utils': [ '1.4.3' ],
381 silly audit   'type-check': [ '0.4.0' ],
381 silly audit   'type-fest': [ '0.20.2' ],
381 silly audit   typescript: [ '5.9.3' ],
381 silly audit   'update-browserslist-db': [ '1.1.4' ],
381 silly audit   'uri-js': [ '4.4.1' ],
381 silly audit   vite: [ '5.4.21' ],
381 silly audit   which: [ '2.0.2' ],
381 silly audit   'word-wrap': [ '1.2.5' ],
381 silly audit   wrappy: [ '1.0.2' ],
381 silly audit   yallist: [ '3.1.1' ],
381 silly audit   'yocto-queue': [ '0.1.0' ],
381 silly audit   autoprefixer: [ '10.4.21' ],
381 silly audit   postcss: [ '8.5.6' ],
381 silly audit   tailwindcss: [ '3.4.18' ],
381 silly audit   '@alloc/quick-lru': [ '5.2.0' ],
381 silly audit   arg: [ '5.0.2' ],
381 silly audit   chokidar: [ '3.6.0' ],
381 silly audit   didyoumean: [ '1.2.2' ],
381 silly audit   dlv: [ '1.1.3' ],
381 silly audit   jiti: [ '1.21.7' ],
381 silly audit   lilconfig: [ '3.1.3' ],
381 silly audit   'normalize-path': [ '3.0.0' ],
381 silly audit   'object-hash': [ '3.0.0' ],
381 silly audit   'postcss-import': [ '15.1.0' ],
381 silly audit   'postcss-js': [ '4.1.0' ],
381 silly audit   'postcss-load-config': [ '6.0.1' ],
381 silly audit   'postcss-nested': [ '6.2.0' ],
381 silly audit   'postcss-selector-parser': [ '6.1.2' ],
381 silly audit   resolve: [ '1.22.11' ],
381 silly audit   sucrase: [ '3.35.0' ],
381 silly audit   anymatch: [ '3.1.3' ],
381 silly audit   'is-binary-path': [ '2.1.0' ],
381 silly audit   readdirp: [ '3.6.0' ],
381 silly audit   'binary-extensions': [ '2.3.0' ],
381 silly audit   'read-cache': [ '1.0.0' ],
381 silly audit   'camelcase-css': [ '2.0.1' ],
381 silly audit   cssesc: [ '3.0.0' ],
381 silly audit   'util-deprecate': [ '1.0.2' ],
381 silly audit   pify: [ '2.3.0' ],
381 silly audit   'is-core-module': [ '2.16.1' ],
381 silly audit   'path-parse': [ '1.0.7' ],
381 silly audit   'supports-preserve-symlinks-flag': [ '1.0.0' ],
381 silly audit   hasown: [ '2.0.2' ],
381 silly audit   'function-bind': [ '1.1.2' ],
381 silly audit   commander: [ '4.1.1' ],
381 silly audit   'lines-and-columns': [ '1.2.4' ],
381 silly audit   mz: [ '2.7.0' ],
381 silly audit   pirates: [ '4.0.7' ],
381 silly audit   'ts-interface-checker': [ '0.1.13' ],
381 silly audit   'any-promise': [ '1.3.0' ],
381 silly audit   'object-assign': [ '4.1.1' ],
381 silly audit   'thenify-all': [ '1.6.0' ],
381 silly audit   thenify: [ '3.3.1' ],
381 silly audit   'foreground-child': [ '3.3.1' ],
381 silly audit   jackspeak: [ '3.4.3' ],
381 silly audit   minipass: [ '7.1.2' ],
381 silly audit   'package-json-from-dist': [ '1.0.1' ],
381 silly audit   'path-scurry': [ '1.11.1' ],
381 silly audit   'signal-exit': [ '4.1.0' ],
381 silly audit   '@isaacs/cliui': [ '8.0.2' ],
381 silly audit   '@pkgjs/parseargs': [ '0.11.0' ],
381 silly audit   'string-width': [ '5.1.2', '4.2.3' ],
381 silly audit   'wrap-ansi': [ '8.1.0', '7.0.0' ],
381 silly audit   eastasianwidth: [ '0.2.0' ],
381 silly audit   'emoji-regex': [ '9.2.2', '8.0.0' ],
381 silly audit   'is-fullwidth-code-point': [ '3.0.0' ]
381 silly audit }
382 verbose reify failed optional dependency /Users/lindaayoola/mental-load/trello-couples/node_modules/@rollup/rollup-win32-x64-msvc
383 silly reify mark deleted [
383 silly reify   '/Users/lindaayoola/mental-load/trello-couples/node_modules/@rollup/rollup-win32-x64-msvc'
383 silly reify ]
384 verbose reify failed optional dependency /Users/lindaayoola/mental-load/trello-couples/node_modules/@rollup/rollup-win32-x64-gnu
385 silly reify mark deleted [
385 silly reify   '/Users/lindaayoola/mental-load/trello-couples/node_modules/@rollup/rollup-win32-x64-gnu'
385 silly reify ]
386 verbose reify failed optional dependency /Users/lindaayoola/mental-load/trello-couples/node_modules/@rollup/rollup-win32-ia32-msvc
387 silly reify mark deleted [
387 silly reify   '/Users/lindaayoola/mental-load/trello-couples/node_modules/@rollup/rollup-win32-ia32-msvc'
387 silly reify ]
388 verbose reify failed optional dependency /Users/lindaayoola/mental-load/trello-couples/node_modules/@rollup/rollup-win32-arm64-msvc
389 silly reify mark deleted [
389 silly reify   '/Users/lindaayoola/mental-load/trello-couples/node_modules/@rollup/rollup-win32-arm64-msvc'
389 silly reify ]
390 verbose reify failed optional dependency /Users/lindaayoola/mental-load/trello-couples/node_modules/@rollup/rollup-openharmony-arm64
391 silly reify mark deleted [
391 silly reify   '/Users/lindaayoola/mental-load/trello-couples/node_modules/@rollup/rollup-openharmony-arm64'
391 silly reify ]
392 verbose reify failed optional dependency /Users/lindaayoola/mental-load/trello-couples/node_modules/@rollup/rollup-linux-x64-musl
393 silly reify mark deleted [
393 silly reify   '/Users/lindaayoola/mental-load/trello-couples/node_modules/@rollup/rollup-linux-x64-musl'
393 silly reify ]
394 verbose reify failed optional dependency /Users/lindaayoola/mental-load/trello-couples/node_modules/@rollup/rollup-linux-x64-gnu
395 silly reify mark deleted [
395 silly reify   '/Users/lindaayoola/mental-load/trello-couples/node_modules/@rollup/rollup-linux-x64-gnu'
395 silly reify ]
396 verbose reify failed optional dependency /Users/lindaayoola/mental-load/trello-couples/node_modules/@rollup/rollup-linux-s390x-gnu
397 silly reify mark deleted [
397 silly reify   '/Users/lindaayoola/mental-load/trello-couples/node_modules/@rollup/rollup-linux-s390x-gnu'
397 silly reify ]
398 verbose reify failed optional dependency /Users/lindaayoola/mental-load/trello-couples/node_modules/@rollup/rollup-linux-riscv64-musl
399 silly reify mark deleted [
399 silly reify   '/Users/lindaayoola/mental-load/trello-couples/node_modules/@rollup/rollup-linux-riscv64-musl'
399 silly reify ]
400 verbose reify failed optional dependency /Users/lindaayoola/mental-load/trello-couples/node_modules/@rollup/rollup-linux-riscv64-gnu
401 silly reify mark deleted [
401 silly reify   '/Users/lindaayoola/mental-load/trello-couples/node_modules/@rollup/rollup-linux-riscv64-gnu'
401 silly reify ]
402 verbose reify failed optional dependency /Users/lindaayoola/mental-load/trello-couples/node_modules/@rollup/rollup-linux-ppc64-gnu
403 silly reify mark deleted [
403 silly reify   '/Users/lindaayoola/mental-load/trello-couples/node_modules/@rollup/rollup-linux-ppc64-gnu'
403 silly reify ]
404 verbose reify failed optional dependency /Users/lindaayoola/mental-load/trello-couples/node_modules/@rollup/rollup-linux-loong64-gnu
405 silly reify mark deleted [
405 silly reify   '/Users/lindaayoola/mental-load/trello-couples/node_modules/@rollup/rollup-linux-loong64-gnu'
405 silly reify ]
406 verbose reify failed optional dependency /Users/lindaayoola/mental-load/trello-couples/node_modules/@rollup/rollup-linux-arm64-musl
407 silly reify mark deleted [
407 silly reify   '/Users/lindaayoola/mental-load/trello-couples/node_modules/@rollup/rollup-linux-arm64-musl'
407 silly reify ]
408 verbose reify failed optional dependency /Users/lindaayoola/mental-load/trello-couples/node_modules/@rollup/rollup-linux-arm64-gnu
409 silly reify mark deleted [
409 silly reify   '/Users/lindaayoola/mental-load/trello-couples/node_modules/@rollup/rollup-linux-arm64-gnu'
409 silly reify ]
410 verbose reify failed optional dependency /Users/lindaayoola/mental-load/trello-couples/node_modules/@rollup/rollup-linux-arm-musleabihf
411 silly reify mark deleted [
411 silly reify   '/Users/lindaayoola/mental-load/trello-couples/node_modules/@rollup/rollup-linux-arm-musleabihf'
411 silly reify ]
412 verbose reify failed optional dependency /Users/lindaayoola/mental-load/trello-couples/node_modules/@rollup/rollup-linux-arm-gnueabihf
413 silly reify mark deleted [
413 silly reify   '/Users/lindaayoola/mental-load/trello-couples/node_modules/@rollup/rollup-linux-arm-gnueabihf'
413 silly reify ]
414 verbose reify failed optional dependency /Users/lindaayoola/mental-load/trello-couples/node_modules/@rollup/rollup-freebsd-x64
415 silly reify mark deleted [
415 silly reify   '/Users/lindaayoola/mental-load/trello-couples/node_modules/@rollup/rollup-freebsd-x64'
415 silly reify ]
416 verbose reify failed optional dependency /Users/lindaayoola/mental-load/trello-couples/node_modules/@rollup/rollup-freebsd-arm64
417 silly reify mark deleted [
417 silly reify   '/Users/lindaayoola/mental-load/trello-couples/node_modules/@rollup/rollup-freebsd-arm64'
417 silly reify ]
418 verbose reify failed optional dependency /Users/lindaayoola/mental-load/trello-couples/node_modules/@rollup/rollup-darwin-x64
419 silly reify mark deleted [
419 silly reify   '/Users/lindaayoola/mental-load/trello-couples/node_modules/@rollup/rollup-darwin-x64'
419 silly reify ]
420 verbose reify failed optional dependency /Users/lindaayoola/mental-load/trello-couples/node_modules/@rollup/rollup-android-arm64
421 silly reify mark deleted [
421 silly reify   '/Users/lindaayoola/mental-load/trello-couples/node_modules/@rollup/rollup-android-arm64'
421 silly reify ]
422 verbose reify failed optional dependency /Users/lindaayoola/mental-load/trello-couples/node_modules/@rollup/rollup-android-arm-eabi
423 silly reify mark deleted [
423 silly reify   '/Users/lindaayoola/mental-load/trello-couples/node_modules/@rollup/rollup-android-arm-eabi'
423 silly reify ]
424 verbose reify failed optional dependency /Users/lindaayoola/mental-load/trello-couples/node_modules/@esbuild/win32-x64
425 silly reify mark deleted [
425 silly reify   '/Users/lindaayoola/mental-load/trello-couples/node_modules/@esbuild/win32-x64'
425 silly reify ]
426 verbose reify failed optional dependency /Users/lindaayoola/mental-load/trello-couples/node_modules/@esbuild/win32-ia32
427 silly reify mark deleted [
427 silly reify   '/Users/lindaayoola/mental-load/trello-couples/node_modules/@esbuild/win32-ia32'
427 silly reify ]
428 verbose reify failed optional dependency /Users/lindaayoola/mental-load/trello-couples/node_modules/@esbuild/win32-arm64
429 silly reify mark deleted [
429 silly reify   '/Users/lindaayoola/mental-load/trello-couples/node_modules/@esbuild/win32-arm64'
429 silly reify ]
430 verbose reify failed optional dependency /Users/lindaayoola/mental-load/trello-couples/node_modules/@esbuild/sunos-x64
431 silly reify mark deleted [
431 silly reify   '/Users/lindaayoola/mental-load/trello-couples/node_modules/@esbuild/sunos-x64'
431 silly reify ]
432 verbose reify failed optional dependency /Users/lindaayoola/mental-load/trello-couples/node_modules/@esbuild/openbsd-x64
433 silly reify mark deleted [
433 silly reify   '/Users/lindaayoola/mental-load/trello-couples/node_modules/@esbuild/openbsd-x64'
433 silly reify ]
434 verbose reify failed optional dependency /Users/lindaayoola/mental-load/trello-couples/node_modules/@esbuild/netbsd-x64
435 silly reify mark deleted [
435 silly reify   '/Users/lindaayoola/mental-load/trello-couples/node_modules/@esbuild/netbsd-x64'
435 silly reify ]
436 verbose reify failed optional dependency /Users/lindaayoola/mental-load/trello-couples/node_modules/@esbuild/linux-x64
437 silly reify mark deleted [
437 silly reify   '/Users/lindaayoola/mental-load/trello-couples/node_modules/@esbuild/linux-x64'
437 silly reify ]
438 verbose reify failed optional dependency /Users/lindaayoola/mental-load/trello-couples/node_modules/@esbuild/linux-s390x
439 silly reify mark deleted [
439 silly reify   '/Users/lindaayoola/mental-load/trello-couples/node_modules/@esbuild/linux-s390x'
439 silly reify ]
440 verbose reify failed optional dependency /Users/lindaayoola/mental-load/trello-couples/node_modules/@esbuild/linux-riscv64
441 silly reify mark deleted [
441 silly reify   '/Users/lindaayoola/mental-load/trello-couples/node_modules/@esbuild/linux-riscv64'
441 silly reify ]
442 verbose reify failed optional dependency /Users/lindaayoola/mental-load/trello-couples/node_modules/@esbuild/linux-ppc64
443 silly reify mark deleted [
443 silly reify   '/Users/lindaayoola/mental-load/trello-couples/node_modules/@esbuild/linux-ppc64'
443 silly reify ]
444 verbose reify failed optional dependency /Users/lindaayoola/mental-load/trello-couples/node_modules/@esbuild/linux-mips64el
445 silly reify mark deleted [
445 silly reify   '/Users/lindaayoola/mental-load/trello-couples/node_modules/@esbuild/linux-mips64el'
445 silly reify ]
446 verbose reify failed optional dependency /Users/lindaayoola/mental-load/trello-couples/node_modules/@esbuild/linux-loong64
447 silly reify mark deleted [
447 silly reify   '/Users/lindaayoola/mental-load/trello-couples/node_modules/@esbuild/linux-loong64'
447 silly reify ]
448 verbose reify failed optional dependency /Users/lindaayoola/mental-load/trello-couples/node_modules/@esbuild/linux-ia32
449 silly reify mark deleted [
449 silly reify   '/Users/lindaayoola/mental-load/trello-couples/node_modules/@esbuild/linux-ia32'
449 silly reify ]
450 verbose reify failed optional dependency /Users/lindaayoola/mental-load/trello-couples/node_modules/@esbuild/linux-arm64
451 silly reify mark deleted [
451 silly reify   '/Users/lindaayoola/mental-load/trello-couples/node_modules/@esbuild/linux-arm64'
451 silly reify ]
452 verbose reify failed optional dependency /Users/lindaayoola/mental-load/trello-couples/node_modules/@esbuild/linux-arm
453 silly reify mark deleted [
453 silly reify   '/Users/lindaayoola/mental-load/trello-couples/node_modules/@esbuild/linux-arm'
453 silly reify ]
454 verbose reify failed optional dependency /Users/lindaayoola/mental-load/trello-couples/node_modules/@esbuild/freebsd-x64
455 silly reify mark deleted [
455 silly reify   '/Users/lindaayoola/mental-load/trello-couples/node_modules/@esbuild/freebsd-x64'
455 silly reify ]
456 verbose reify failed optional dependency /Users/lindaayoola/mental-load/trello-couples/node_modules/@esbuild/freebsd-arm64
457 silly reify mark deleted [
457 silly reify   '/Users/lindaayoola/mental-load/trello-couples/node_modules/@esbuild/freebsd-arm64'
457 silly reify ]
458 verbose reify failed optional dependency /Users/lindaayoola/mental-load/trello-couples/node_modules/@esbuild/darwin-x64
459 silly reify mark deleted [
459 silly reify   '/Users/lindaayoola/mental-load/trello-couples/node_modules/@esbuild/darwin-x64'
459 silly reify ]
460 verbose reify failed optional dependency /Users/lindaayoola/mental-load/trello-couples/node_modules/@esbuild/android-x64
461 silly reify mark deleted [
461 silly reify   '/Users/lindaayoola/mental-load/trello-couples/node_modules/@esbuild/android-x64'
461 silly reify ]
462 verbose reify failed optional dependency /Users/lindaayoola/mental-load/trello-couples/node_modules/@esbuild/android-arm64
463 silly reify mark deleted [
463 silly reify   '/Users/lindaayoola/mental-load/trello-couples/node_modules/@esbuild/android-arm64'
463 silly reify ]
464 verbose reify failed optional dependency /Users/lindaayoola/mental-load/trello-couples/node_modules/@esbuild/android-arm
465 silly reify mark deleted [
465 silly reify   '/Users/lindaayoola/mental-load/trello-couples/node_modules/@esbuild/android-arm'
465 silly reify ]
466 verbose reify failed optional dependency /Users/lindaayoola/mental-load/trello-couples/node_modules/@esbuild/aix-ppc64
467 silly reify mark deleted [
467 silly reify   '/Users/lindaayoola/mental-load/trello-couples/node_modules/@esbuild/aix-ppc64'
467 silly reify ]
468 http cache is-fullwidth-code-point@https://registry.npmjs.org/is-fullwidth-code-point/-/is-fullwidth-code-point-3.0.0.tgz 0ms (cache hit)
469 http cache eastasianwidth@https://registry.npmjs.org/eastasianwidth/-/eastasianwidth-0.2.0.tgz 0ms (cache hit)
470 http cache wrap-ansi-cjs@https://registry.npmjs.org/wrap-ansi/-/wrap-ansi-7.0.0.tgz 0ms (cache hit)
471 http cache wrap-ansi@https://registry.npmjs.org/wrap-ansi/-/wrap-ansi-8.1.0.tgz 0ms (cache hit)
472 http cache string-width-cjs@https://registry.npmjs.org/string-width/-/string-width-4.2.3.tgz 0ms (cache hit)
473 http cache emoji-regex@https://registry.npmjs.org/emoji-regex/-/emoji-regex-9.2.2.tgz 0ms (cache hit)
474 http cache strip-ansi-cjs@https://registry.npmjs.org/strip-ansi/-/strip-ansi-6.0.1.tgz 0ms (cache hit)
475 http cache @pkgjs/parseargs@https://registry.npmjs.org/@pkgjs/parseargs/-/parseargs-0.11.0.tgz 0ms (cache hit)
476 http cache string-width@https://registry.npmjs.org/string-width/-/string-width-5.1.2.tgz 0ms (cache hit)
477 http cache @isaacs/cliui@https://registry.npmjs.org/@isaacs/cliui/-/cliui-8.0.2.tgz 0ms (cache hit)
478 http cache signal-exit@https://registry.npmjs.org/signal-exit/-/signal-exit-4.1.0.tgz 0ms (cache hit)
479 http cache path-scurry@https://registry.npmjs.org/path-scurry/-/path-scurry-1.11.1.tgz 0ms (cache hit)
480 http cache package-json-from-dist@https://registry.npmjs.org/package-json-from-dist/-/package-json-from-dist-1.0.1.tgz 0ms (cache hit)
481 http cache minipass@https://registry.npmjs.org/minipass/-/minipass-7.1.2.tgz 0ms (cache hit)
482 http cache jackspeak@https://registry.npmjs.org/jackspeak/-/jackspeak-3.4.3.tgz 0ms (cache hit)
483 http cache foreground-child@https://registry.npmjs.org/foreground-child/-/foreground-child-3.3.1.tgz 0ms (cache hit)
484 http cache thenify@https://registry.npmjs.org/thenify/-/thenify-3.3.1.tgz 0ms (cache hit)
485 http cache thenify-all@https://registry.npmjs.org/thenify-all/-/thenify-all-1.6.0.tgz 0ms (cache hit)
486 http cache ts-interface-checker@https://registry.npmjs.org/ts-interface-checker/-/ts-interface-checker-0.1.13.tgz 0ms (cache hit)
487 http cache any-promise@https://registry.npmjs.org/any-promise/-/any-promise-1.3.0.tgz 0ms (cache hit)
488 http cache pirates@https://registry.npmjs.org/pirates/-/pirates-4.0.7.tgz 0ms (cache hit)
489 http cache lines-and-columns@https://registry.npmjs.org/lines-and-columns/-/lines-and-columns-1.2.4.tgz 0ms (cache hit)
490 http cache mz@https://registry.npmjs.org/mz/-/mz-2.7.0.tgz 0ms (cache hit)
491 http cache function-bind@https://registry.npmjs.org/function-bind/-/function-bind-1.1.2.tgz 0ms (cache hit)
492 http cache supports-preserve-symlinks-flag@https://registry.npmjs.org/supports-preserve-symlinks-flag/-/supports-preserve-symlinks-flag-1.0.0.tgz 0ms (cache hit)
493 http cache hasown@https://registry.npmjs.org/hasown/-/hasown-2.0.2.tgz 0ms (cache hit)
494 http cache commander@https://registry.npmjs.org/commander/-/commander-4.1.1.tgz 0ms (cache hit)
495 http cache path-parse@https://registry.npmjs.org/path-parse/-/path-parse-1.0.7.tgz 0ms (cache hit)
496 http cache is-core-module@https://registry.npmjs.org/is-core-module/-/is-core-module-2.16.1.tgz 0ms (cache hit)
497 http cache pify@https://registry.npmjs.org/pify/-/pify-2.3.0.tgz 0ms (cache hit)
498 http cache cssesc@https://registry.npmjs.org/cssesc/-/cssesc-3.0.0.tgz 0ms (cache hit)
499 http cache util-deprecate@https://registry.npmjs.org/util-deprecate/-/util-deprecate-1.0.2.tgz 0ms (cache hit)
500 http cache camelcase-css@https://registry.npmjs.org/camelcase-css/-/camelcase-css-2.0.1.tgz 0ms (cache hit)
501 http cache binary-extensions@https://registry.npmjs.org/binary-extensions/-/binary-extensions-2.3.0.tgz 0ms (cache hit)
502 http cache read-cache@https://registry.npmjs.org/read-cache/-/read-cache-1.0.0.tgz 0ms (cache hit)
503 http cache object-assign@https://registry.npmjs.org/object-assign/-/object-assign-4.1.1.tgz 0ms (cache hit)
504 http cache is-binary-path@https://registry.npmjs.org/is-binary-path/-/is-binary-path-2.1.0.tgz 0ms (cache hit)
505 http cache anymatch@https://registry.npmjs.org/anymatch/-/anymatch-3.1.3.tgz 0ms (cache hit)
506 http cache sucrase@https://registry.npmjs.org/sucrase/-/sucrase-3.35.0.tgz 0ms (cache hit)
507 http cache resolve@https://registry.npmjs.org/resolve/-/resolve-1.22.11.tgz 0ms (cache hit)
508 http cache postcss-selector-parser@https://registry.npmjs.org/postcss-selector-parser/-/postcss-selector-parser-6.1.2.tgz 0ms (cache hit)
509 http cache postcss-nested@https://registry.npmjs.org/postcss-nested/-/postcss-nested-6.2.0.tgz 0ms (cache hit)
510 http cache postcss-load-config@https://registry.npmjs.org/postcss-load-config/-/postcss-load-config-6.0.1.tgz 0ms (cache hit)
511 http cache postcss-js@https://registry.npmjs.org/postcss-js/-/postcss-js-4.1.0.tgz 0ms (cache hit)
512 http cache readdirp@https://registry.npmjs.org/readdirp/-/readdirp-3.6.0.tgz 0ms (cache hit)
513 http cache postcss-import@https://registry.npmjs.org/postcss-import/-/postcss-import-15.1.0.tgz 0ms (cache hit)
514 http cache normalize-path@https://registry.npmjs.org/normalize-path/-/normalize-path-3.0.0.tgz 0ms (cache hit)
515 http cache object-hash@https://registry.npmjs.org/object-hash/-/object-hash-3.0.0.tgz 0ms (cache hit)
516 http cache lilconfig@https://registry.npmjs.org/lilconfig/-/lilconfig-3.1.3.tgz 0ms (cache hit)
517 http cache jiti@https://registry.npmjs.org/jiti/-/jiti-1.21.7.tgz 0ms (cache hit)
518 http cache dlv@https://registry.npmjs.org/dlv/-/dlv-1.1.3.tgz 0ms (cache hit)
519 http cache arg@https://registry.npmjs.org/arg/-/arg-5.0.2.tgz 0ms (cache hit)
520 http cache didyoumean@https://registry.npmjs.org/didyoumean/-/didyoumean-1.2.2.tgz 0ms (cache hit)
521 http cache chokidar@https://registry.npmjs.org/chokidar/-/chokidar-3.6.0.tgz 0ms (cache hit)
522 http cache @alloc/quick-lru@https://registry.npmjs.org/@alloc/quick-lru/-/quick-lru-5.2.0.tgz 0ms (cache hit)
523 http cache tailwindcss@https://registry.npmjs.org/tailwindcss/-/tailwindcss-3.4.18.tgz 0ms (cache hit)
524 http cache emoji-regex@https://registry.npmjs.org/emoji-regex/-/emoji-regex-8.0.0.tgz 0ms (cache hit)
525 http cache string-width@https://registry.npmjs.org/string-width/-/string-width-4.2.3.tgz 0ms (cache hit)
526 http cache strip-ansi@https://registry.npmjs.org/strip-ansi/-/strip-ansi-7.1.2.tgz 0ms (cache hit)
527 http cache ansi-styles@https://registry.npmjs.org/ansi-styles/-/ansi-styles-6.2.3.tgz 0ms (cache hit)
528 http cache ansi-regex@https://registry.npmjs.org/ansi-regex/-/ansi-regex-6.2.2.tgz 0ms (cache hit)
529 http cache emoji-regex@https://registry.npmjs.org/emoji-regex/-/emoji-regex-8.0.0.tgz 0ms (cache hit)
530 http cache ansi-regex@https://registry.npmjs.org/ansi-regex/-/ansi-regex-6.2.2.tgz 0ms (cache hit)
531 http cache strip-ansi@https://registry.npmjs.org/strip-ansi/-/strip-ansi-7.1.2.tgz 0ms (cache hit)
532 http cache minimatch@https://registry.npmjs.org/minimatch/-/minimatch-9.0.5.tgz 0ms (cache hit)
533 http cache lru-cache@https://registry.npmjs.org/lru-cache/-/lru-cache-10.4.3.tgz 0ms (cache hit)
534 http cache strip-ansi@https://registry.npmjs.org/strip-ansi/-/strip-ansi-7.1.2.tgz 0ms (cache hit)
535 http cache glob@https://registry.npmjs.org/glob/-/glob-10.4.5.tgz 0ms (cache hit)
536 http cache glob-parent@https://registry.npmjs.org/glob-parent/-/glob-parent-5.1.2.tgz 0ms (cache hit)
537 http cache ansi-regex@https://registry.npmjs.org/ansi-regex/-/ansi-regex-6.2.2.tgz 0ms (cache hit)
538 silly tarball no local data for is-fullwidth-code-point@https://registry.npmjs.org/is-fullwidth-code-point/-/is-fullwidth-code-point-3.0.0.tgz. Extracting by manifest.
539 silly tarball no local data for eastasianwidth@https://registry.npmjs.org/eastasianwidth/-/eastasianwidth-0.2.0.tgz. Extracting by manifest.
540 silly tarball no local data for wrap-ansi-cjs@https://registry.npmjs.org/wrap-ansi/-/wrap-ansi-7.0.0.tgz. Extracting by manifest.
541 silly tarball no local data for wrap-ansi@https://registry.npmjs.org/wrap-ansi/-/wrap-ansi-8.1.0.tgz. Extracting by manifest.
542 silly tarball no local data for string-width-cjs@https://registry.npmjs.org/string-width/-/string-width-4.2.3.tgz. Extracting by manifest.
543 silly tarball no local data for emoji-regex@https://registry.npmjs.org/emoji-regex/-/emoji-regex-9.2.2.tgz. Extracting by manifest.
544 silly tarball no local data for strip-ansi-cjs@https://registry.npmjs.org/strip-ansi/-/strip-ansi-6.0.1.tgz. Extracting by manifest.
545 silly tarball no local data for @pkgjs/parseargs@https://registry.npmjs.org/@pkgjs/parseargs/-/parseargs-0.11.0.tgz. Extracting by manifest.
546 silly tarball no local data for string-width@https://registry.npmjs.org/string-width/-/string-width-5.1.2.tgz. Extracting by manifest.
547 silly tarball no local data for @isaacs/cliui@https://registry.npmjs.org/@isaacs/cliui/-/cliui-8.0.2.tgz. Extracting by manifest.
548 silly tarball no local data for signal-exit@https://registry.npmjs.org/signal-exit/-/signal-exit-4.1.0.tgz. Extracting by manifest.
549 silly tarball no local data for path-scurry@https://registry.npmjs.org/path-scurry/-/path-scurry-1.11.1.tgz. Extracting by manifest.
550 silly tarball no local data for package-json-from-dist@https://registry.npmjs.org/package-json-from-dist/-/package-json-from-dist-1.0.1.tgz. Extracting by manifest.
551 silly tarball no local data for minipass@https://registry.npmjs.org/minipass/-/minipass-7.1.2.tgz. Extracting by manifest.
552 silly tarball no local data for jackspeak@https://registry.npmjs.org/jackspeak/-/jackspeak-3.4.3.tgz. Extracting by manifest.
553 silly tarball no local data for foreground-child@https://registry.npmjs.org/foreground-child/-/foreground-child-3.3.1.tgz. Extracting by manifest.
554 silly tarball no local data for thenify@https://registry.npmjs.org/thenify/-/thenify-3.3.1.tgz. Extracting by manifest.
555 silly tarball no local data for thenify-all@https://registry.npmjs.org/thenify-all/-/thenify-all-1.6.0.tgz. Extracting by manifest.
556 silly tarball no local data for ts-interface-checker@https://registry.npmjs.org/ts-interface-checker/-/ts-interface-checker-0.1.13.tgz. Extracting by manifest.
557 silly tarball no local data for any-promise@https://registry.npmjs.org/any-promise/-/any-promise-1.3.0.tgz. Extracting by manifest.
558 silly tarball no local data for pirates@https://registry.npmjs.org/pirates/-/pirates-4.0.7.tgz. Extracting by manifest.
559 silly tarball no local data for lines-and-columns@https://registry.npmjs.org/lines-and-columns/-/lines-and-columns-1.2.4.tgz. Extracting by manifest.
560 silly tarball no local data for mz@https://registry.npmjs.org/mz/-/mz-2.7.0.tgz. Extracting by manifest.
561 silly tarball no local data for function-bind@https://registry.npmjs.org/function-bind/-/function-bind-1.1.2.tgz. Extracting by manifest.
562 silly tarball no local data for supports-preserve-symlinks-flag@https://registry.npmjs.org/supports-preserve-symlinks-flag/-/supports-preserve-symlinks-flag-1.0.0.tgz. Extracting by manifest.
563 silly tarball no local data for hasown@https://registry.npmjs.org/hasown/-/hasown-2.0.2.tgz. Extracting by manifest.
564 silly tarball no local data for commander@https://registry.npmjs.org/commander/-/commander-4.1.1.tgz. Extracting by manifest.
565 silly tarball no local data for path-parse@https://registry.npmjs.org/path-parse/-/path-parse-1.0.7.tgz. Extracting by manifest.
566 silly tarball no local data for is-core-module@https://registry.npmjs.org/is-core-module/-/is-core-module-2.16.1.tgz. Extracting by manifest.
567 silly tarball no local data for pify@https://registry.npmjs.org/pify/-/pify-2.3.0.tgz. Extracting by manifest.
568 silly tarball no local data for cssesc@https://registry.npmjs.org/cssesc/-/cssesc-3.0.0.tgz. Extracting by manifest.
569 silly tarball no local data for util-deprecate@https://registry.npmjs.org/util-deprecate/-/util-deprecate-1.0.2.tgz. Extracting by manifest.
570 silly tarball no local data for camelcase-css@https://registry.npmjs.org/camelcase-css/-/camelcase-css-2.0.1.tgz. Extracting by manifest.
571 silly tarball no local data for read-cache@https://registry.npmjs.org/read-cache/-/read-cache-1.0.0.tgz. Extracting by manifest.
572 silly tarball no local data for binary-extensions@https://registry.npmjs.org/binary-extensions/-/binary-extensions-2.3.0.tgz. Extracting by manifest.
573 silly tarball no local data for object-assign@https://registry.npmjs.org/object-assign/-/object-assign-4.1.1.tgz. Extracting by manifest.
574 silly tarball no local data for is-binary-path@https://registry.npmjs.org/is-binary-path/-/is-binary-path-2.1.0.tgz. Extracting by manifest.
575 silly tarball no local data for anymatch@https://registry.npmjs.org/anymatch/-/anymatch-3.1.3.tgz. Extracting by manifest.
576 silly tarball no local data for sucrase@https://registry.npmjs.org/sucrase/-/sucrase-3.35.0.tgz. Extracting by manifest.
577 silly tarball no local data for resolve@https://registry.npmjs.org/resolve/-/resolve-1.22.11.tgz. Extracting by manifest.
578 silly tarball no local data for postcss-selector-parser@https://registry.npmjs.org/postcss-selector-parser/-/postcss-selector-parser-6.1.2.tgz. Extracting by manifest.
579 silly tarball no local data for postcss-nested@https://registry.npmjs.org/postcss-nested/-/postcss-nested-6.2.0.tgz. Extracting by manifest.
580 silly tarball no local data for postcss-load-config@https://registry.npmjs.org/postcss-load-config/-/postcss-load-config-6.0.1.tgz. Extracting by manifest.
581 silly tarball no local data for postcss-js@https://registry.npmjs.org/postcss-js/-/postcss-js-4.1.0.tgz. Extracting by manifest.
582 silly tarball no local data for readdirp@https://registry.npmjs.org/readdirp/-/readdirp-3.6.0.tgz. Extracting by manifest.
583 silly tarball no local data for postcss-import@https://registry.npmjs.org/postcss-import/-/postcss-import-15.1.0.tgz. Extracting by manifest.
584 silly tarball no local data for normalize-path@https://registry.npmjs.org/normalize-path/-/normalize-path-3.0.0.tgz. Extracting by manifest.
585 silly tarball no local data for object-hash@https://registry.npmjs.org/object-hash/-/object-hash-3.0.0.tgz. Extracting by manifest.
586 silly tarball no local data for lilconfig@https://registry.npmjs.org/lilconfig/-/lilconfig-3.1.3.tgz. Extracting by manifest.
587 silly tarball no local data for jiti@https://registry.npmjs.org/jiti/-/jiti-1.21.7.tgz. Extracting by manifest.
588 silly tarball no local data for dlv@https://registry.npmjs.org/dlv/-/dlv-1.1.3.tgz. Extracting by manifest.
589 silly tarball no local data for arg@https://registry.npmjs.org/arg/-/arg-5.0.2.tgz. Extracting by manifest.
590 silly tarball no local data for didyoumean@https://registry.npmjs.org/didyoumean/-/didyoumean-1.2.2.tgz. Extracting by manifest.
591 silly tarball no local data for chokidar@https://registry.npmjs.org/chokidar/-/chokidar-3.6.0.tgz. Extracting by manifest.
592 silly tarball no local data for @alloc/quick-lru@https://registry.npmjs.org/@alloc/quick-lru/-/quick-lru-5.2.0.tgz. Extracting by manifest.
593 silly tarball no local data for tailwindcss@https://registry.npmjs.org/tailwindcss/-/tailwindcss-3.4.18.tgz. Extracting by manifest.
594 silly tarball no local data for string-width@https://registry.npmjs.org/string-width/-/string-width-4.2.3.tgz. Extracting by manifest.
595 silly tarball no local data for emoji-regex@https://registry.npmjs.org/emoji-regex/-/emoji-regex-8.0.0.tgz. Extracting by manifest.
596 silly tarball no local data for strip-ansi@https://registry.npmjs.org/strip-ansi/-/strip-ansi-7.1.2.tgz. Extracting by manifest.
597 silly tarball no local data for ansi-styles@https://registry.npmjs.org/ansi-styles/-/ansi-styles-6.2.3.tgz. Extracting by manifest.
598 silly tarball no local data for emoji-regex@https://registry.npmjs.org/emoji-regex/-/emoji-regex-8.0.0.tgz. Extracting by manifest.
599 silly tarball no local data for ansi-regex@https://registry.npmjs.org/ansi-regex/-/ansi-regex-6.2.2.tgz. Extracting by manifest.
600 silly tarball no local data for ansi-regex@https://registry.npmjs.org/ansi-regex/-/ansi-regex-6.2.2.tgz. Extracting by manifest.
601 silly tarball no local data for strip-ansi@https://registry.npmjs.org/strip-ansi/-/strip-ansi-7.1.2.tgz. Extracting by manifest.
602 silly tarball no local data for minimatch@https://registry.npmjs.org/minimatch/-/minimatch-9.0.5.tgz. Extracting by manifest.
603 silly tarball no local data for lru-cache@https://registry.npmjs.org/lru-cache/-/lru-cache-10.4.3.tgz. Extracting by manifest.
604 silly tarball no local data for strip-ansi@https://registry.npmjs.org/strip-ansi/-/strip-ansi-7.1.2.tgz. Extracting by manifest.
605 silly tarball no local data for glob@https://registry.npmjs.org/glob/-/glob-10.4.5.tgz. Extracting by manifest.
606 silly tarball no local data for glob-parent@https://registry.npmjs.org/glob-parent/-/glob-parent-5.1.2.tgz. Extracting by manifest.
607 silly tarball no local data for ansi-regex@https://registry.npmjs.org/ansi-regex/-/ansi-regex-6.2.2.tgz. Extracting by manifest.
608 http fetch GET 200 https://registry.npmjs.org/is-fullwidth-code-point/-/is-fullwidth-code-point-3.0.0.tgz 55ms (cache miss)
609 http fetch GET 200 https://registry.npmjs.org/string-width/-/string-width-4.2.3.tgz 54ms (cache miss)
610 http fetch GET 200 https://registry.npmjs.org/eastasianwidth/-/eastasianwidth-0.2.0.tgz 55ms (cache miss)
611 http fetch GET 200 https://registry.npmjs.org/wrap-ansi/-/wrap-ansi-7.0.0.tgz 55ms (cache miss)
612 http fetch GET 200 https://registry.npmjs.org/wrap-ansi/-/wrap-ansi-8.1.0.tgz 54ms (cache miss)
613 http fetch GET 200 https://registry.npmjs.org/emoji-regex/-/emoji-regex-9.2.2.tgz 55ms (cache miss)
614 http fetch GET 200 https://registry.npmjs.org/jackspeak/-/jackspeak-3.4.3.tgz 65ms (cache miss)
615 http fetch GET 200 https://registry.npmjs.org/signal-exit/-/signal-exit-4.1.0.tgz 79ms (cache miss)
616 http fetch GET 200 https://registry.npmjs.org/strip-ansi/-/strip-ansi-6.0.1.tgz 80ms (cache miss)
617 http fetch GET 200 https://registry.npmjs.org/thenify-all/-/thenify-all-1.6.0.tgz 82ms (cache miss)
618 http fetch GET 200 https://registry.npmjs.org/foreground-child/-/foreground-child-3.3.1.tgz 82ms (cache miss)
619 http fetch GET 200 https://registry.npmjs.org/any-promise/-/any-promise-1.3.0.tgz 83ms (cache miss)
620 http fetch GET 200 https://registry.npmjs.org/string-width/-/string-width-5.1.2.tgz 88ms (cache miss)
621 http fetch GET 200 https://registry.npmjs.org/ts-interface-checker/-/ts-interface-checker-0.1.13.tgz 91ms (cache miss)
622 http fetch GET 200 https://registry.npmjs.org/package-json-from-dist/-/package-json-from-dist-1.0.1.tgz 93ms (cache miss)
623 http fetch GET 200 https://registry.npmjs.org/@isaacs/cliui/-/cliui-8.0.2.tgz 93ms (cache miss)
624 http fetch GET 200 https://registry.npmjs.org/pirates/-/pirates-4.0.7.tgz 98ms (cache miss)
625 http fetch GET 200 https://registry.npmjs.org/lines-and-columns/-/lines-and-columns-1.2.4.tgz 100ms (cache miss)
626 http fetch GET 200 https://registry.npmjs.org/minipass/-/minipass-7.1.2.tgz 101ms (cache miss)
627 http fetch GET 200 https://registry.npmjs.org/thenify/-/thenify-3.3.1.tgz 101ms (cache miss)
628 http fetch GET 200 https://registry.npmjs.org/path-scurry/-/path-scurry-1.11.1.tgz 103ms (cache miss)
629 http fetch GET 200 https://registry.npmjs.org/function-bind/-/function-bind-1.1.2.tgz 105ms (cache miss)
630 http fetch GET 200 https://registry.npmjs.org/mz/-/mz-2.7.0.tgz 114ms (cache miss)
631 http fetch GET 200 https://registry.npmjs.org/hasown/-/hasown-2.0.2.tgz 113ms (cache miss)
632 http fetch GET 200 https://registry.npmjs.org/pify/-/pify-2.3.0.tgz 113ms (cache miss)
633 http fetch GET 200 https://registry.npmjs.org/commander/-/commander-4.1.1.tgz 115ms (cache miss)
634 http fetch GET 200 https://registry.npmjs.org/@pkgjs/parseargs/-/parseargs-0.11.0.tgz 117ms (cache miss)
635 http fetch GET 200 https://registry.npmjs.org/is-core-module/-/is-core-module-2.16.1.tgz 125ms (cache miss)
636 http fetch GET 200 https://registry.npmjs.org/util-deprecate/-/util-deprecate-1.0.2.tgz 132ms (cache miss)
637 http fetch GET 200 https://registry.npmjs.org/supports-preserve-symlinks-flag/-/supports-preserve-symlinks-flag-1.0.0.tgz 133ms (cache miss)
638 http fetch GET 200 https://registry.npmjs.org/binary-extensions/-/binary-extensions-2.3.0.tgz 133ms (cache miss)
639 http fetch GET 200 https://registry.npmjs.org/cssesc/-/cssesc-3.0.0.tgz 133ms (cache miss)
640 http fetch GET 200 https://registry.npmjs.org/read-cache/-/read-cache-1.0.0.tgz 133ms (cache miss)
641 http fetch GET 200 https://registry.npmjs.org/camelcase-css/-/camelcase-css-2.0.1.tgz 134ms (cache miss)
642 http fetch GET 200 https://registry.npmjs.org/object-assign/-/object-assign-4.1.1.tgz 134ms (cache miss)
643 http fetch GET 200 https://registry.npmjs.org/path-parse/-/path-parse-1.0.7.tgz 134ms (cache miss)
644 http fetch GET 200 https://registry.npmjs.org/is-binary-path/-/is-binary-path-2.1.0.tgz 142ms (cache miss)
645 http fetch GET 200 https://registry.npmjs.org/resolve/-/resolve-1.22.11.tgz 151ms (cache miss)
646 http fetch GET 200 https://registry.npmjs.org/normalize-path/-/normalize-path-3.0.0.tgz 165ms (cache miss)
647 http fetch GET 200 https://registry.npmjs.org/anymatch/-/anymatch-3.1.3.tgz 168ms (cache miss)
648 http fetch GET 200 https://registry.npmjs.org/postcss-js/-/postcss-js-4.1.0.tgz 169ms (cache miss)
649 http fetch GET 200 https://registry.npmjs.org/readdirp/-/readdirp-3.6.0.tgz 170ms (cache miss)
650 http fetch GET 200 https://registry.npmjs.org/lilconfig/-/lilconfig-3.1.3.tgz 168ms (cache miss)
651 http fetch GET 200 https://registry.npmjs.org/postcss-load-config/-/postcss-load-config-6.0.1.tgz 170ms (cache miss)
652 http fetch GET 200 https://registry.npmjs.org/postcss-selector-parser/-/postcss-selector-parser-6.1.2.tgz 172ms (cache miss)
653 http fetch GET 200 https://registry.npmjs.org/object-hash/-/object-hash-3.0.0.tgz 171ms (cache miss)
654 http fetch GET 200 https://registry.npmjs.org/postcss-import/-/postcss-import-15.1.0.tgz 174ms (cache miss)
655 http fetch GET 200 https://registry.npmjs.org/arg/-/arg-5.0.2.tgz 173ms (cache miss)
656 http fetch GET 200 https://registry.npmjs.org/postcss-nested/-/postcss-nested-6.2.0.tgz 175ms (cache miss)
657 http fetch GET 200 https://registry.npmjs.org/dlv/-/dlv-1.1.3.tgz 173ms (cache miss)
658 http fetch GET 200 https://registry.npmjs.org/didyoumean/-/didyoumean-1.2.2.tgz 183ms (cache miss)
659 http fetch GET 200 https://registry.npmjs.org/string-width/-/string-width-4.2.3.tgz 186ms (cache miss)
660 http fetch GET 200 https://registry.npmjs.org/jiti/-/jiti-1.21.7.tgz 190ms (cache miss)
661 http fetch GET 200 https://registry.npmjs.org/chokidar/-/chokidar-3.6.0.tgz 191ms (cache miss)
662 http fetch GET 200 https://registry.npmjs.org/ansi-regex/-/ansi-regex-6.2.2.tgz 195ms (cache miss)
663 http fetch GET 200 https://registry.npmjs.org/emoji-regex/-/emoji-regex-8.0.0.tgz 196ms (cache miss)
664 http fetch GET 200 https://registry.npmjs.org/ansi-styles/-/ansi-styles-6.2.3.tgz 197ms (cache miss)
665 http fetch GET 200 https://registry.npmjs.org/sucrase/-/sucrase-3.35.0.tgz 215ms (cache miss)
666 http fetch GET 200 https://registry.npmjs.org/emoji-regex/-/emoji-regex-8.0.0.tgz 212ms (cache miss)
667 http fetch GET 200 https://registry.npmjs.org/ansi-regex/-/ansi-regex-6.2.2.tgz 212ms (cache miss)
668 http fetch GET 200 https://registry.npmjs.org/strip-ansi/-/strip-ansi-7.1.2.tgz 212ms (cache miss)
669 http fetch GET 200 https://registry.npmjs.org/strip-ansi/-/strip-ansi-7.1.2.tgz 213ms (cache miss)
670 http fetch GET 200 https://registry.npmjs.org/@alloc/quick-lru/-/quick-lru-5.2.0.tgz 213ms (cache miss)
671 http fetch POST 200 https://registry.npmjs.org/-/npm/v1/security/advisories/bulk 233ms
672 silly audit report {
672 silly audit report   esbuild: [
672 silly audit report     {
672 silly audit report       id: 1102341,
672 silly audit report       url: 'https://github.com/advisories/GHSA-67mh-4wv8-2f99',
672 silly audit report       title: 'esbuild enables any website to send any requests to the development server and read the response',
672 silly audit report       severity: 'moderate',
672 silly audit report       vulnerable_versions: '<=0.24.2',
672 silly audit report       cwe: [Array],
672 silly audit report       cvss: [Object]
672 silly audit report     }
672 silly audit report   ]
672 silly audit report }
673 silly packumentCache corgi:https://registry.npmjs.org/esbuild cache-miss
674 http fetch GET 200 https://registry.npmjs.org/glob-parent/-/glob-parent-5.1.2.tgz 219ms (cache miss)
675 http fetch GET 200 https://registry.npmjs.org/strip-ansi/-/strip-ansi-7.1.2.tgz 219ms (cache miss)
676 http fetch GET 200 https://registry.npmjs.org/minimatch/-/minimatch-9.0.5.tgz 229ms (cache miss)
677 http fetch GET 200 https://registry.npmjs.org/glob/-/glob-10.4.5.tgz 239ms (cache miss)
678 http fetch GET 200 https://registry.npmjs.org/lru-cache/-/lru-cache-10.4.3.tgz 243ms (cache miss)
679 http fetch GET 200 https://registry.npmjs.org/ansi-regex/-/ansi-regex-6.2.2.tgz 245ms (cache miss)
680 http fetch GET 200 https://registry.npmjs.org/tailwindcss/-/tailwindcss-3.4.18.tgz 262ms (cache miss)
681 http fetch GET 200 https://registry.npmjs.org/esbuild 108ms (cache miss)
682 silly packumentCache corgi:https://registry.npmjs.org/esbuild set size:undefined disposed:false
683 silly packumentCache corgi:https://registry.npmjs.org/vite cache-miss
684 http fetch GET 200 https://registry.npmjs.org/vite 59ms (cache miss)
685 silly packumentCache corgi:https://registry.npmjs.org/vite set size:undefined disposed:false
686 silly packumentCache corgi:https://registry.npmjs.org/@vitejs%2fplugin-react cache-miss
687 http fetch GET 200 https://registry.npmjs.org/@vitejs%2fplugin-react 60ms (cache miss)
688 silly packumentCache corgi:https://registry.npmjs.org/@vitejs%2fplugin-react set size:undefined disposed:false
689 silly ADD node_modules/is-fullwidth-code-point
690 silly ADD node_modules/emoji-regex
691 silly ADD node_modules/eastasianwidth
692 silly ADD node_modules/wrap-ansi-cjs
693 silly ADD node_modules/wrap-ansi-cjs/node_modules/emoji-regex
694 silly ADD node_modules/wrap-ansi-cjs/node_modules/string-width
695 silly ADD node_modules/wrap-ansi
696 silly ADD node_modules/wrap-ansi/node_modules/ansi-regex
697 silly ADD node_modules/wrap-ansi/node_modules/strip-ansi
698 silly ADD node_modules/wrap-ansi/node_modules/ansi-styles
699 silly ADD node_modules/strip-ansi-cjs
700 silly ADD node_modules/string-width-cjs
701 silly ADD node_modules/string-width-cjs/node_modules/emoji-regex
702 silly ADD node_modules/string-width
703 silly ADD node_modules/string-width/node_modules/ansi-regex
704 silly ADD node_modules/string-width/node_modules/strip-ansi
705 silly ADD node_modules/@pkgjs/parseargs
706 silly ADD node_modules/@isaacs/cliui
707 silly ADD node_modules/@isaacs/cliui/node_modules/ansi-regex
708 silly ADD node_modules/@isaacs/cliui/node_modules/strip-ansi
709 silly ADD node_modules/signal-exit
710 silly ADD node_modules/path-scurry
711 silly ADD node_modules/path-scurry/node_modules/lru-cache
712 silly ADD node_modules/package-json-from-dist
713 silly ADD node_modules/minipass
714 silly ADD node_modules/jackspeak
715 silly ADD node_modules/foreground-child
716 silly ADD node_modules/thenify
717 silly ADD node_modules/thenify-all
718 silly ADD node_modules/object-assign
719 silly ADD node_modules/any-promise
720 silly ADD node_modules/ts-interface-checker
721 silly ADD node_modules/pirates
722 silly ADD node_modules/mz
723 silly ADD node_modules/lines-and-columns
724 silly ADD node_modules/commander
725 silly ADD node_modules/function-bind
726 silly ADD node_modules/hasown
727 silly ADD node_modules/supports-preserve-symlinks-flag
728 silly ADD node_modules/path-parse
729 silly ADD node_modules/is-core-module
730 silly ADD node_modules/pify
731 silly ADD node_modules/util-deprecate
732 silly ADD node_modules/cssesc
733 silly ADD node_modules/camelcase-css
734 silly ADD node_modules/read-cache
735 silly ADD node_modules/binary-extensions
736 silly ADD node_modules/readdirp
737 silly ADD node_modules/is-binary-path
738 silly ADD node_modules/anymatch
739 silly ADD node_modules/sucrase
740 silly ADD node_modules/sucrase/node_modules/minimatch
741 silly ADD node_modules/sucrase/node_modules/glob
742 silly ADD node_modules/resolve
743 silly ADD node_modules/postcss-selector-parser
744 silly ADD node_modules/postcss-nested
745 silly ADD node_modules/postcss-load-config
746 silly ADD node_modules/postcss-js
747 silly ADD node_modules/postcss-import
748 silly ADD node_modules/object-hash
749 silly ADD node_modules/normalize-path
750 silly ADD node_modules/lilconfig
751 silly ADD node_modules/jiti
752 silly ADD node_modules/dlv
753 silly ADD node_modules/didyoumean
754 silly ADD node_modules/chokidar
755 silly ADD node_modules/chokidar/node_modules/glob-parent
756 silly ADD node_modules/arg
757 silly ADD node_modules/@alloc/quick-lru
758 silly ADD
759 silly ADD
760 silly ADD
761 silly ADD
762 silly ADD
763 silly ADD
764 silly ADD
765 silly ADD
766 silly ADD
767 silly ADD
768 silly ADD
769 silly ADD
770 silly ADD
771 silly ADD
772 silly ADD
773 silly ADD
774 silly ADD
775 silly ADD
776 silly ADD
777 silly ADD
778 silly ADD
779 silly ADD
780 silly ADD
781 silly ADD
782 silly ADD
783 silly ADD
784 silly ADD
785 silly ADD
786 silly ADD
787 silly ADD
788 silly ADD
789 silly ADD
790 silly ADD
791 silly ADD
792 silly ADD
793 silly ADD
794 silly ADD
795 silly ADD
796 silly ADD
797 silly ADD
798 silly ADD
799 silly ADD
800 silly ADD
801 silly CHANGE node_modules/tailwindcss
802 verbose cwd /Users/lindaayoola/mental-load/trello-couples
803 verbose os Darwin 24.6.0
804 verbose node v23.10.0
805 verbose npm  v10.9.2
806 notice
806 notice New major version of npm available! 10.9.2 -> 11.6.2
806 notice Changelog: https://github.com/npm/cli/releases/tag/v11.6.2
806 notice To update run: npm install -g npm@11.6.2
806 notice  { force: true, [Symbol(proc-log.meta)]: true }
807 verbose exit 0
808 info ok
