0 verbose cli /opt/homebrew/Cellar/node/23.10.0_1/bin/node /opt/homebrew/bin/npm
1 info using npm@10.9.2
2 info using node@v23.10.0
3 silly config load:file:/opt/homebrew/lib/node_modules/npm/npmrc
4 silly config load:file:/Users/lindaayoola/mental-load/trello-couples/.npmrc
5 silly config load:file:/Users/lindaayoola/.npmrc
6 silly config load:file:/opt/homebrew/etc/npmrc
7 verbose title npm install tailwindcss postcss autoprefixer
8 verbose argv "install" "--save-dev" "tailwindcss" "postcss" "autoprefixer"
9 verbose logfile logs-max:10 dir:/Users/lindaayoola/mental-load/.npm-cache-3/_logs/2025-11-04T15_08_56_715Z-
10 verbose logfile /Users/lindaayoola/mental-load/.npm-cache-3/_logs/2025-11-04T15_08_56_715Z-debug-0.log
11 silly logfile done cleaning log files
12 silly packumentCache heap:4345298944 maxSize:1086324736 maxEntrySize:543162368
13 silly idealTree buildDeps
14 silly fetch manifest tailwindcss@*
15 silly packumentCache full:https://registry.npmjs.org/tailwindcss cache-miss
16 http fetch GET 200 https://registry.npmjs.org/npm 154ms
17 http fetch GET 200 https://registry.npmjs.org/tailwindcss 245ms (cache miss)
18 silly packumentCache full:https://registry.npmjs.org/tailwindcss set size:undefined disposed:false
19 silly fetch manifest postcss@*
20 silly packumentCache full:https://registry.npmjs.org/postcss cache-miss
21 http fetch GET 200 https://registry.npmjs.org/postcss 76ms (cache miss)
22 silly packumentCache full:https://registry.npmjs.org/postcss set size:undefined disposed:false
23 silly fetch manifest autoprefixer@*
24 silly packumentCache full:https://registry.npmjs.org/autoprefixer cache-miss
25 http fetch GET 200 https://registry.npmjs.org/autoprefixer 98ms (cache miss)
26 silly packumentCache full:https://registry.npmjs.org/autoprefixer set size:undefined disposed:false
27 silly placeDep ROOT autoprefixer@10.4.21 OK for: trello-couples@0.0.0 want: *
28 silly placeDep ROOT postcss@8.5.6 REPLACE for: trello-couples@0.0.0 want: *
29 silly placeDep ROOT tailwindcss@4.1.16 OK for: trello-couples@0.0.0 want: *
30 silly fetch manifest fraction.js@^4.3.7
31 silly packumentCache full:https://registry.npmjs.org/fraction.js cache-miss
32 silly fetch manifest normalize-range@^0.1.2
33 silly packumentCache full:https://registry.npmjs.org/normalize-range cache-miss
34 silly fetch manifest postcss-value-parser@^4.2.0
35 silly packumentCache full:https://registry.npmjs.org/postcss-value-parser cache-miss
36 http fetch GET 200 https://registry.npmjs.org/normalize-range 46ms (cache miss)
37 silly packumentCache full:https://registry.npmjs.org/normalize-range set size:undefined disposed:false
38 http fetch GET 200 https://registry.npmjs.org/fraction.js 54ms (cache miss)
39 silly packumentCache full:https://registry.npmjs.org/fraction.js set size:undefined disposed:false
40 http fetch GET 200 https://registry.npmjs.org/postcss-value-parser 60ms (cache miss)
41 silly packumentCache full:https://registry.npmjs.org/postcss-value-parser set size:undefined disposed:false
42 silly placeDep ROOT fraction.js@4.3.7 OK for: autoprefixer@10.4.21 want: ^4.3.7
43 silly placeDep ROOT normalize-range@0.1.2 OK for: autoprefixer@10.4.21 want: ^0.1.2
44 silly placeDep ROOT postcss-value-parser@4.2.0 OK for: autoprefixer@10.4.21 want: ^4.2.0
45 silly reify moves {}
46 silly audit bulk request {
46 silly audit   '@babel/code-frame': [ '7.27.1' ],
46 silly audit   '@babel/compat-data': [ '7.28.5' ],
46 silly audit   '@babel/core': [ '7.28.5' ],
46 silly audit   semver: [ '6.3.1', '7.7.3' ],
46 silly audit   '@babel/generator': [ '7.28.5' ],
46 silly audit   '@babel/helper-compilation-targets': [ '7.27.2' ],
46 silly audit   '@babel/helper-globals': [ '7.28.0' ],
46 silly audit   '@babel/helper-module-imports': [ '7.27.1' ],
46 silly audit   '@babel/helper-module-transforms': [ '7.28.3' ],
46 silly audit   '@babel/helper-plugin-utils': [ '7.27.1' ],
46 silly audit   '@babel/helper-string-parser': [ '7.27.1' ],
46 silly audit   '@babel/helper-validator-identifier': [ '7.28.5' ],
46 silly audit   '@babel/helper-validator-option': [ '7.27.1' ],
46 silly audit   '@babel/helpers': [ '7.28.4' ],
46 silly audit   '@babel/parser': [ '7.28.5' ],
46 silly audit   '@babel/plugin-transform-react-jsx-self': [ '7.27.1' ],
46 silly audit   '@babel/plugin-transform-react-jsx-source': [ '7.27.1' ],
46 silly audit   '@babel/template': [ '7.27.2' ],
46 silly audit   '@babel/traverse': [ '7.28.5' ],
46 silly audit   '@babel/types': [ '7.28.5' ],
46 silly audit   '@esbuild/aix-ppc64': [ '0.21.5' ],
46 silly audit   '@esbuild/android-arm': [ '0.21.5' ],
46 silly audit   '@esbuild/android-arm64': [ '0.21.5' ],
46 silly audit   '@esbuild/android-x64': [ '0.21.5' ],
46 silly audit   '@esbuild/darwin-arm64': [ '0.21.5' ],
46 silly audit   '@esbuild/darwin-x64': [ '0.21.5' ],
46 silly audit   '@esbuild/freebsd-arm64': [ '0.21.5' ],
46 silly audit   '@esbuild/freebsd-x64': [ '0.21.5' ],
46 silly audit   '@esbuild/linux-arm': [ '0.21.5' ],
46 silly audit   '@esbuild/linux-arm64': [ '0.21.5' ],
46 silly audit   '@esbuild/linux-ia32': [ '0.21.5' ],
46 silly audit   '@esbuild/linux-loong64': [ '0.21.5' ],
46 silly audit   '@esbuild/linux-mips64el': [ '0.21.5' ],
46 silly audit   '@esbuild/linux-ppc64': [ '0.21.5' ],
46 silly audit   '@esbuild/linux-riscv64': [ '0.21.5' ],
46 silly audit   '@esbuild/linux-s390x': [ '0.21.5' ],
46 silly audit   '@esbuild/linux-x64': [ '0.21.5' ],
46 silly audit   '@esbuild/netbsd-x64': [ '0.21.5' ],
46 silly audit   '@esbuild/openbsd-x64': [ '0.21.5' ],
46 silly audit   '@esbuild/sunos-x64': [ '0.21.5' ],
46 silly audit   '@esbuild/win32-arm64': [ '0.21.5' ],
46 silly audit   '@esbuild/win32-ia32': [ '0.21.5' ],
46 silly audit   '@esbuild/win32-x64': [ '0.21.5' ],
46 silly audit   '@eslint-community/eslint-utils': [ '4.9.0' ],
46 silly audit   '@eslint-community/regexpp': [ '4.12.2' ],
46 silly audit   '@eslint/eslintrc': [ '2.1.4' ],
46 silly audit   'brace-expansion': [ '1.1.12', '2.0.2' ],
46 silly audit   minimatch: [ '3.1.2', '9.0.3' ],
46 silly audit   '@eslint/js': [ '8.57.1' ],
46 silly audit   '@humanwhocodes/config-array': [ '0.13.0' ],
46 silly audit   '@humanwhocodes/module-importer': [ '1.0.1' ],
46 silly audit   '@humanwhocodes/object-schema': [ '2.0.3' ],
46 silly audit   '@jridgewell/gen-mapping': [ '0.3.13' ],
46 silly audit   '@jridgewell/remapping': [ '2.3.5' ],
46 silly audit   '@jridgewell/resolve-uri': [ '3.1.2' ],
46 silly audit   '@jridgewell/sourcemap-codec': [ '1.5.5' ],
46 silly audit   '@jridgewell/trace-mapping': [ '0.3.31' ],
46 silly audit   '@nodelib/fs.scandir': [ '2.1.5' ],
46 silly audit   '@nodelib/fs.stat': [ '2.0.5' ],
46 silly audit   '@nodelib/fs.walk': [ '1.2.8' ],
46 silly audit   '@rolldown/pluginutils': [ '1.0.0-beta.27' ],
46 silly audit   '@rollup/rollup-android-arm-eabi': [ '4.52.5' ],
46 silly audit   '@rollup/rollup-android-arm64': [ '4.52.5' ],
46 silly audit   '@rollup/rollup-darwin-arm64': [ '4.52.5' ],
46 silly audit   '@rollup/rollup-darwin-x64': [ '4.52.5' ],
46 silly audit   '@rollup/rollup-freebsd-arm64': [ '4.52.5' ],
46 silly audit   '@rollup/rollup-freebsd-x64': [ '4.52.5' ],
46 silly audit   '@rollup/rollup-linux-arm-gnueabihf': [ '4.52.5' ],
46 silly audit   '@rollup/rollup-linux-arm-musleabihf': [ '4.52.5' ],
46 silly audit   '@rollup/rollup-linux-arm64-gnu': [ '4.52.5' ],
46 silly audit   '@rollup/rollup-linux-arm64-musl': [ '4.52.5' ],
46 silly audit   '@rollup/rollup-linux-loong64-gnu': [ '4.52.5' ],
46 silly audit   '@rollup/rollup-linux-ppc64-gnu': [ '4.52.5' ],
46 silly audit   '@rollup/rollup-linux-riscv64-gnu': [ '4.52.5' ],
46 silly audit   '@rollup/rollup-linux-riscv64-musl': [ '4.52.5' ],
46 silly audit   '@rollup/rollup-linux-s390x-gnu': [ '4.52.5' ],
46 silly audit   '@rollup/rollup-linux-x64-gnu': [ '4.52.5' ],
46 silly audit   '@rollup/rollup-linux-x64-musl': [ '4.52.5' ],
46 silly audit   '@rollup/rollup-openharmony-arm64': [ '4.52.5' ],
46 silly audit   '@rollup/rollup-win32-arm64-msvc': [ '4.52.5' ],
46 silly audit   '@rollup/rollup-win32-ia32-msvc': [ '4.52.5' ],
46 silly audit   '@rollup/rollup-win32-x64-gnu': [ '4.52.5' ],
46 silly audit   '@rollup/rollup-win32-x64-msvc': [ '4.52.5' ],
46 silly audit   '@types/babel__core': [ '7.20.5' ],
46 silly audit   '@types/babel__generator': [ '7.27.0' ],
46 silly audit   '@types/babel__template': [ '7.4.4' ],
46 silly audit   '@types/babel__traverse': [ '7.28.0' ],
46 silly audit   '@types/estree': [ '1.0.8' ],
46 silly audit   '@types/json-schema': [ '7.0.15' ],
46 silly audit   '@types/prop-types': [ '15.7.15' ],
46 silly audit   '@types/react': [ '18.3.26' ],
46 silly audit   '@types/react-dom': [ '18.3.7' ],
46 silly audit   '@types/semver': [ '7.7.1' ],
46 silly audit   '@typescript-eslint/eslint-plugin': [ '6.21.0' ],
46 silly audit   '@typescript-eslint/parser': [ '6.21.0' ],
46 silly audit   '@typescript-eslint/scope-manager': [ '6.21.0' ],
46 silly audit   '@typescript-eslint/type-utils': [ '6.21.0' ],
46 silly audit   '@typescript-eslint/types': [ '6.21.0' ],
46 silly audit   '@typescript-eslint/typescript-estree': [ '6.21.0' ],
46 silly audit   '@typescript-eslint/utils': [ '6.21.0' ],
46 silly audit   '@typescript-eslint/visitor-keys': [ '6.21.0' ],
46 silly audit   '@ungap/structured-clone': [ '1.3.0' ],
46 silly audit   '@vitejs/plugin-react': [ '4.7.0' ],
46 silly audit   acorn: [ '8.15.0' ],
46 silly audit   'acorn-jsx': [ '5.3.2' ],
46 silly audit   ajv: [ '6.12.6' ],
46 silly audit   'ansi-regex': [ '5.0.1' ],
46 silly audit   'ansi-styles': [ '4.3.0' ],
46 silly audit   argparse: [ '2.0.1' ],
46 silly audit   'array-union': [ '2.1.0' ],
46 silly audit   'balanced-match': [ '1.0.2' ],
46 silly audit   'baseline-browser-mapping': [ '2.8.24' ],
46 silly audit   braces: [ '3.0.3' ],
46 silly audit   browserslist: [ '4.27.0' ],
46 silly audit   callsites: [ '3.1.0' ],
46 silly audit   'caniuse-lite': [ '1.0.30001753' ],
46 silly audit   chalk: [ '4.1.2' ],
46 silly audit   'color-convert': [ '2.0.1' ],
46 silly audit   'color-name': [ '1.1.4' ],
46 silly audit   'concat-map': [ '0.0.1' ],
46 silly audit   'convert-source-map': [ '2.0.0' ],
46 silly audit   'cross-spawn': [ '7.0.6' ],
46 silly audit   csstype: [ '3.1.3' ],
46 silly audit   debug: [ '4.4.3' ],
46 silly audit   'deep-is': [ '0.1.4' ],
46 silly audit   'dir-glob': [ '3.0.1' ],
46 silly audit   doctrine: [ '3.0.0' ],
46 silly audit   'electron-to-chromium': [ '1.5.244' ],
46 silly audit   esbuild: [ '0.21.5' ],
46 silly audit   escalade: [ '3.2.0' ],
46 silly audit   'escape-string-regexp': [ '4.0.0' ],
46 silly audit   eslint: [ '8.57.1' ],
46 silly audit   'eslint-plugin-react-hooks': [ '4.6.2' ],
46 silly audit   'eslint-plugin-react-refresh': [ '0.4.24' ],
46 silly audit   'eslint-scope': [ '7.2.2' ],
46 silly audit   'eslint-visitor-keys': [ '3.4.3' ],
46 silly audit   espree: [ '9.6.1' ],
46 silly audit   esquery: [ '1.6.0' ],
46 silly audit   esrecurse: [ '4.3.0' ],
46 silly audit   estraverse: [ '5.3.0' ],
46 silly audit   esutils: [ '2.0.3' ],
46 silly audit   'fast-deep-equal': [ '3.1.3' ],
46 silly audit   'fast-glob': [ '3.3.3' ],
46 silly audit   'glob-parent': [ '5.1.2', '6.0.2' ],
46 silly audit   'fast-json-stable-stringify': [ '2.1.0' ],
46 silly audit   'fast-levenshtein': [ '2.0.6' ],
46 silly audit   fastq: [ '1.19.1' ],
46 silly audit   'file-entry-cache': [ '6.0.1' ],
46 silly audit   'fill-range': [ '7.1.1' ],
46 silly audit   'find-up': [ '5.0.0' ],
46 silly audit   'flat-cache': [ '3.2.0' ],
46 silly audit   flatted: [ '3.3.3' ],
46 silly audit   'fs.realpath': [ '1.0.0' ],
46 silly audit   fsevents: [ '2.3.3' ],
46 silly audit   gensync: [ '1.0.0-beta.2' ],
46 silly audit   glob: [ '7.2.3' ],
46 silly audit   globals: [ '13.24.0' ],
46 silly audit   globby: [ '11.1.0' ],
46 silly audit   graphemer: [ '1.4.0' ],
46 silly audit   'has-flag': [ '4.0.0' ],
46 silly audit   ignore: [ '5.3.2' ],
46 silly audit   'import-fresh': [ '3.3.1' ],
46 silly audit   imurmurhash: [ '0.1.4' ],
46 silly audit   inflight: [ '1.0.6' ],
46 silly audit   inherits: [ '2.0.4' ],
46 silly audit   'is-extglob': [ '2.1.1' ],
46 silly audit   'is-glob': [ '4.0.3' ],
46 silly audit   'is-number': [ '7.0.0' ],
46 silly audit   'is-path-inside': [ '3.0.3' ],
46 silly audit   isexe: [ '2.0.0' ],
46 silly audit   'js-tokens': [ '4.0.0' ],
46 silly audit   'js-yaml': [ '4.1.0' ],
46 silly audit   jsesc: [ '3.1.0' ],
46 silly audit   'json-buffer': [ '3.0.1' ],
46 silly audit   'json-schema-traverse': [ '0.4.1' ],
46 silly audit   'json-stable-stringify-without-jsonify': [ '1.0.1' ],
46 silly audit   json5: [ '2.2.3' ],
46 silly audit   keyv: [ '4.5.4' ],
46 silly audit   levn: [ '0.4.1' ],
46 silly audit   'locate-path': [ '6.0.0' ],
46 silly audit   'lodash.merge': [ '4.6.2' ],
46 silly audit   'loose-envify': [ '1.4.0' ],
46 silly audit   'lru-cache': [ '5.1.1' ],
46 silly audit   merge2: [ '1.4.1' ],
46 silly audit   micromatch: [ '4.0.8' ],
46 silly audit   ms: [ '2.1.3' ],
46 silly audit   nanoid: [ '3.3.11' ],
46 silly audit   'natural-compare': [ '1.4.0' ],
46 silly audit   'node-releases': [ '2.0.27' ],
46 silly audit   once: [ '1.4.0' ],
46 silly audit   optionator: [ '0.9.4' ],
46 silly audit   'p-limit': [ '3.1.0' ],
46 silly audit   'p-locate': [ '5.0.0' ],
46 silly audit   'parent-module': [ '1.0.1' ],
46 silly audit   'path-exists': [ '4.0.0' ],
46 silly audit   'path-is-absolute': [ '1.0.1' ],
46 silly audit   'path-key': [ '3.1.1' ],
46 silly audit   'path-type': [ '4.0.0' ],
46 silly audit   picocolors: [ '1.1.1' ],
46 silly audit   picomatch: [ '2.3.1' ],
46 silly audit   'prelude-ls': [ '1.2.1' ],
46 silly audit   punycode: [ '2.3.1' ],
46 silly audit   'queue-microtask': [ '1.2.3' ],
46 silly audit   react: [ '18.3.1' ],
46 silly audit   'react-dom': [ '18.3.1' ],
46 silly audit   'react-refresh': [ '0.17.0' ],
46 silly audit   'resolve-from': [ '4.0.0' ],
46 silly audit   reusify: [ '1.1.0' ],
46 silly audit   rimraf: [ '3.0.2' ],
46 silly audit   rollup: [ '4.52.5' ],
46 silly audit   'run-parallel': [ '1.2.0' ],
46 silly audit   scheduler: [ '0.23.2' ],
46 silly audit   'shebang-command': [ '2.0.0' ],
46 silly audit   'shebang-regex': [ '3.0.0' ],
46 silly audit   slash: [ '3.0.0' ],
46 silly audit   'source-map-js': [ '1.2.1' ],
46 silly audit   'strip-ansi': [ '6.0.1' ],
46 silly audit   'strip-json-comments': [ '3.1.1' ],
46 silly audit   'supports-color': [ '7.2.0' ],
46 silly audit   'text-table': [ '0.2.0' ],
46 silly audit   'to-regex-range': [ '5.0.1' ],
46 silly audit   'ts-api-utils': [ '1.4.3' ],
46 silly audit   'type-check': [ '0.4.0' ],
46 silly audit   'type-fest': [ '0.20.2' ],
46 silly audit   typescript: [ '5.9.3' ],
46 silly audit   'update-browserslist-db': [ '1.1.4' ],
46 silly audit   'uri-js': [ '4.4.1' ],
46 silly audit   vite: [ '5.4.21' ],
46 silly audit   which: [ '2.0.2' ],
46 silly audit   'word-wrap': [ '1.2.5' ],
46 silly audit   wrappy: [ '1.0.2' ],
46 silly audit   yallist: [ '3.1.1' ],
46 silly audit   'yocto-queue': [ '0.1.0' ],
46 silly audit   autoprefixer: [ '10.4.21' ],
46 silly audit   postcss: [ '8.5.6' ],
46 silly audit   tailwindcss: [ '4.1.16' ],
46 silly audit   'fraction.js': [ '4.3.7' ],
46 silly audit   'normalize-range': [ '0.1.2' ],
46 silly audit   'postcss-value-parser': [ '4.2.0' ]
46 silly audit }
47 verbose reify failed optional dependency /Users/lindaayoola/mental-load/trello-couples/node_modules/@rollup/rollup-win32-x64-msvc
48 silly reify mark deleted [
48 silly reify   '/Users/lindaayoola/mental-load/trello-couples/node_modules/@rollup/rollup-win32-x64-msvc'
48 silly reify ]
49 verbose reify failed optional dependency /Users/lindaayoola/mental-load/trello-couples/node_modules/@rollup/rollup-win32-x64-gnu
50 silly reify mark deleted [
50 silly reify   '/Users/lindaayoola/mental-load/trello-couples/node_modules/@rollup/rollup-win32-x64-gnu'
50 silly reify ]
51 verbose reify failed optional dependency /Users/lindaayoola/mental-load/trello-couples/node_modules/@rollup/rollup-win32-ia32-msvc
52 silly reify mark deleted [
52 silly reify   '/Users/lindaayoola/mental-load/trello-couples/node_modules/@rollup/rollup-win32-ia32-msvc'
52 silly reify ]
53 verbose reify failed optional dependency /Users/lindaayoola/mental-load/trello-couples/node_modules/@rollup/rollup-win32-arm64-msvc
54 silly reify mark deleted [
54 silly reify   '/Users/lindaayoola/mental-load/trello-couples/node_modules/@rollup/rollup-win32-arm64-msvc'
54 silly reify ]
55 verbose reify failed optional dependency /Users/lindaayoola/mental-load/trello-couples/node_modules/@rollup/rollup-openharmony-arm64
56 silly reify mark deleted [
56 silly reify   '/Users/lindaayoola/mental-load/trello-couples/node_modules/@rollup/rollup-openharmony-arm64'
56 silly reify ]
57 verbose reify failed optional dependency /Users/lindaayoola/mental-load/trello-couples/node_modules/@rollup/rollup-linux-x64-musl
58 silly reify mark deleted [
58 silly reify   '/Users/lindaayoola/mental-load/trello-couples/node_modules/@rollup/rollup-linux-x64-musl'
58 silly reify ]
59 verbose reify failed optional dependency /Users/lindaayoola/mental-load/trello-couples/node_modules/@rollup/rollup-linux-x64-gnu
60 silly reify mark deleted [
60 silly reify   '/Users/lindaayoola/mental-load/trello-couples/node_modules/@rollup/rollup-linux-x64-gnu'
60 silly reify ]
61 verbose reify failed optional dependency /Users/lindaayoola/mental-load/trello-couples/node_modules/@rollup/rollup-linux-s390x-gnu
62 silly reify mark deleted [
62 silly reify   '/Users/lindaayoola/mental-load/trello-couples/node_modules/@rollup/rollup-linux-s390x-gnu'
62 silly reify ]
63 verbose reify failed optional dependency /Users/lindaayoola/mental-load/trello-couples/node_modules/@rollup/rollup-linux-riscv64-musl
64 silly reify mark deleted [
64 silly reify   '/Users/lindaayoola/mental-load/trello-couples/node_modules/@rollup/rollup-linux-riscv64-musl'
64 silly reify ]
65 verbose reify failed optional dependency /Users/lindaayoola/mental-load/trello-couples/node_modules/@rollup/rollup-linux-riscv64-gnu
66 silly reify mark deleted [
66 silly reify   '/Users/lindaayoola/mental-load/trello-couples/node_modules/@rollup/rollup-linux-riscv64-gnu'
66 silly reify ]
67 verbose reify failed optional dependency /Users/lindaayoola/mental-load/trello-couples/node_modules/@rollup/rollup-linux-ppc64-gnu
68 silly reify mark deleted [
68 silly reify   '/Users/lindaayoola/mental-load/trello-couples/node_modules/@rollup/rollup-linux-ppc64-gnu'
68 silly reify ]
69 verbose reify failed optional dependency /Users/lindaayoola/mental-load/trello-couples/node_modules/@rollup/rollup-linux-loong64-gnu
70 silly reify mark deleted [
70 silly reify   '/Users/lindaayoola/mental-load/trello-couples/node_modules/@rollup/rollup-linux-loong64-gnu'
70 silly reify ]
71 verbose reify failed optional dependency /Users/lindaayoola/mental-load/trello-couples/node_modules/@rollup/rollup-linux-arm64-musl
72 silly reify mark deleted [
72 silly reify   '/Users/lindaayoola/mental-load/trello-couples/node_modules/@rollup/rollup-linux-arm64-musl'
72 silly reify ]
73 verbose reify failed optional dependency /Users/lindaayoola/mental-load/trello-couples/node_modules/@rollup/rollup-linux-arm64-gnu
74 silly reify mark deleted [
74 silly reify   '/Users/lindaayoola/mental-load/trello-couples/node_modules/@rollup/rollup-linux-arm64-gnu'
74 silly reify ]
75 verbose reify failed optional dependency /Users/lindaayoola/mental-load/trello-couples/node_modules/@rollup/rollup-linux-arm-musleabihf
76 silly reify mark deleted [
76 silly reify   '/Users/lindaayoola/mental-load/trello-couples/node_modules/@rollup/rollup-linux-arm-musleabihf'
76 silly reify ]
77 verbose reify failed optional dependency /Users/lindaayoola/mental-load/trello-couples/node_modules/@rollup/rollup-linux-arm-gnueabihf
78 silly reify mark deleted [
78 silly reify   '/Users/lindaayoola/mental-load/trello-couples/node_modules/@rollup/rollup-linux-arm-gnueabihf'
78 silly reify ]
79 verbose reify failed optional dependency /Users/lindaayoola/mental-load/trello-couples/node_modules/@rollup/rollup-freebsd-x64
80 silly reify mark deleted [
80 silly reify   '/Users/lindaayoola/mental-load/trello-couples/node_modules/@rollup/rollup-freebsd-x64'
80 silly reify ]
81 verbose reify failed optional dependency /Users/lindaayoola/mental-load/trello-couples/node_modules/@rollup/rollup-freebsd-arm64
82 silly reify mark deleted [
82 silly reify   '/Users/lindaayoola/mental-load/trello-couples/node_modules/@rollup/rollup-freebsd-arm64'
82 silly reify ]
83 verbose reify failed optional dependency /Users/lindaayoola/mental-load/trello-couples/node_modules/@rollup/rollup-darwin-x64
84 silly reify mark deleted [
84 silly reify   '/Users/lindaayoola/mental-load/trello-couples/node_modules/@rollup/rollup-darwin-x64'
84 silly reify ]
85 verbose reify failed optional dependency /Users/lindaayoola/mental-load/trello-couples/node_modules/@rollup/rollup-android-arm64
86 silly reify mark deleted [
86 silly reify   '/Users/lindaayoola/mental-load/trello-couples/node_modules/@rollup/rollup-android-arm64'
86 silly reify ]
87 verbose reify failed optional dependency /Users/lindaayoola/mental-load/trello-couples/node_modules/@rollup/rollup-android-arm-eabi
88 silly reify mark deleted [
88 silly reify   '/Users/lindaayoola/mental-load/trello-couples/node_modules/@rollup/rollup-android-arm-eabi'
88 silly reify ]
89 verbose reify failed optional dependency /Users/lindaayoola/mental-load/trello-couples/node_modules/@esbuild/win32-x64
90 silly reify mark deleted [
90 silly reify   '/Users/lindaayoola/mental-load/trello-couples/node_modules/@esbuild/win32-x64'
90 silly reify ]
91 verbose reify failed optional dependency /Users/lindaayoola/mental-load/trello-couples/node_modules/@esbuild/win32-ia32
92 silly reify mark deleted [
92 silly reify   '/Users/lindaayoola/mental-load/trello-couples/node_modules/@esbuild/win32-ia32'
92 silly reify ]
93 verbose reify failed optional dependency /Users/lindaayoola/mental-load/trello-couples/node_modules/@esbuild/win32-arm64
94 silly reify mark deleted [
94 silly reify   '/Users/lindaayoola/mental-load/trello-couples/node_modules/@esbuild/win32-arm64'
94 silly reify ]
95 verbose reify failed optional dependency /Users/lindaayoola/mental-load/trello-couples/node_modules/@esbuild/sunos-x64
96 silly reify mark deleted [
96 silly reify   '/Users/lindaayoola/mental-load/trello-couples/node_modules/@esbuild/sunos-x64'
96 silly reify ]
97 verbose reify failed optional dependency /Users/lindaayoola/mental-load/trello-couples/node_modules/@esbuild/openbsd-x64
98 silly reify mark deleted [
98 silly reify   '/Users/lindaayoola/mental-load/trello-couples/node_modules/@esbuild/openbsd-x64'
98 silly reify ]
99 verbose reify failed optional dependency /Users/lindaayoola/mental-load/trello-couples/node_modules/@esbuild/netbsd-x64
100 silly reify mark deleted [
100 silly reify   '/Users/lindaayoola/mental-load/trello-couples/node_modules/@esbuild/netbsd-x64'
100 silly reify ]
101 verbose reify failed optional dependency /Users/lindaayoola/mental-load/trello-couples/node_modules/@esbuild/linux-x64
102 silly reify mark deleted [
102 silly reify   '/Users/lindaayoola/mental-load/trello-couples/node_modules/@esbuild/linux-x64'
102 silly reify ]
103 verbose reify failed optional dependency /Users/lindaayoola/mental-load/trello-couples/node_modules/@esbuild/linux-s390x
104 silly reify mark deleted [
104 silly reify   '/Users/lindaayoola/mental-load/trello-couples/node_modules/@esbuild/linux-s390x'
104 silly reify ]
105 verbose reify failed optional dependency /Users/lindaayoola/mental-load/trello-couples/node_modules/@esbuild/linux-riscv64
106 silly reify mark deleted [
106 silly reify   '/Users/lindaayoola/mental-load/trello-couples/node_modules/@esbuild/linux-riscv64'
106 silly reify ]
107 verbose reify failed optional dependency /Users/lindaayoola/mental-load/trello-couples/node_modules/@esbuild/linux-ppc64
108 silly reify mark deleted [
108 silly reify   '/Users/lindaayoola/mental-load/trello-couples/node_modules/@esbuild/linux-ppc64'
108 silly reify ]
109 verbose reify failed optional dependency /Users/lindaayoola/mental-load/trello-couples/node_modules/@esbuild/linux-mips64el
110 silly reify mark deleted [
110 silly reify   '/Users/lindaayoola/mental-load/trello-couples/node_modules/@esbuild/linux-mips64el'
110 silly reify ]
111 verbose reify failed optional dependency /Users/lindaayoola/mental-load/trello-couples/node_modules/@esbuild/linux-loong64
112 silly reify mark deleted [
112 silly reify   '/Users/lindaayoola/mental-load/trello-couples/node_modules/@esbuild/linux-loong64'
112 silly reify ]
113 verbose reify failed optional dependency /Users/lindaayoola/mental-load/trello-couples/node_modules/@esbuild/linux-ia32
114 silly reify mark deleted [
114 silly reify   '/Users/lindaayoola/mental-load/trello-couples/node_modules/@esbuild/linux-ia32'
114 silly reify ]
115 verbose reify failed optional dependency /Users/lindaayoola/mental-load/trello-couples/node_modules/@esbuild/linux-arm64
116 silly reify mark deleted [
116 silly reify   '/Users/lindaayoola/mental-load/trello-couples/node_modules/@esbuild/linux-arm64'
116 silly reify ]
117 verbose reify failed optional dependency /Users/lindaayoola/mental-load/trello-couples/node_modules/@esbuild/linux-arm
118 silly reify mark deleted [
118 silly reify   '/Users/lindaayoola/mental-load/trello-couples/node_modules/@esbuild/linux-arm'
118 silly reify ]
119 verbose reify failed optional dependency /Users/lindaayoola/mental-load/trello-couples/node_modules/@esbuild/freebsd-x64
120 silly reify mark deleted [
120 silly reify   '/Users/lindaayoola/mental-load/trello-couples/node_modules/@esbuild/freebsd-x64'
120 silly reify ]
121 verbose reify failed optional dependency /Users/lindaayoola/mental-load/trello-couples/node_modules/@esbuild/freebsd-arm64
122 silly reify mark deleted [
122 silly reify   '/Users/lindaayoola/mental-load/trello-couples/node_modules/@esbuild/freebsd-arm64'
122 silly reify ]
123 verbose reify failed optional dependency /Users/lindaayoola/mental-load/trello-couples/node_modules/@esbuild/darwin-x64
124 silly reify mark deleted [
124 silly reify   '/Users/lindaayoola/mental-load/trello-couples/node_modules/@esbuild/darwin-x64'
124 silly reify ]
125 verbose reify failed optional dependency /Users/lindaayoola/mental-load/trello-couples/node_modules/@esbuild/android-x64
126 silly reify mark deleted [
126 silly reify   '/Users/lindaayoola/mental-load/trello-couples/node_modules/@esbuild/android-x64'
126 silly reify ]
127 verbose reify failed optional dependency /Users/lindaayoola/mental-load/trello-couples/node_modules/@esbuild/android-arm64
128 silly reify mark deleted [
128 silly reify   '/Users/lindaayoola/mental-load/trello-couples/node_modules/@esbuild/android-arm64'
128 silly reify ]
129 verbose reify failed optional dependency /Users/lindaayoola/mental-load/trello-couples/node_modules/@esbuild/android-arm
130 silly reify mark deleted [
130 silly reify   '/Users/lindaayoola/mental-load/trello-couples/node_modules/@esbuild/android-arm'
130 silly reify ]
131 verbose reify failed optional dependency /Users/lindaayoola/mental-load/trello-couples/node_modules/@esbuild/aix-ppc64
132 silly reify mark deleted [
132 silly reify   '/Users/lindaayoola/mental-load/trello-couples/node_modules/@esbuild/aix-ppc64'
132 silly reify ]
133 http cache postcss-value-parser@https://registry.npmjs.org/postcss-value-parser/-/postcss-value-parser-4.2.0.tgz 0ms (cache hit)
134 http cache normalize-range@https://registry.npmjs.org/normalize-range/-/normalize-range-0.1.2.tgz 0ms (cache hit)
135 http cache fraction.js@https://registry.npmjs.org/fraction.js/-/fraction.js-4.3.7.tgz 0ms (cache hit)
136 http cache tailwindcss@https://registry.npmjs.org/tailwindcss/-/tailwindcss-4.1.16.tgz 0ms (cache hit)
137 http cache autoprefixer@https://registry.npmjs.org/autoprefixer/-/autoprefixer-10.4.21.tgz 0ms (cache hit)
138 http cache fsevents@https://registry.npmjs.org/fsevents/-/fsevents-2.3.3.tgz 0ms (cache hit)
139 silly tarball no local data for postcss-value-parser@https://registry.npmjs.org/postcss-value-parser/-/postcss-value-parser-4.2.0.tgz. Extracting by manifest.
140 silly tarball no local data for normalize-range@https://registry.npmjs.org/normalize-range/-/normalize-range-0.1.2.tgz. Extracting by manifest.
141 silly tarball no local data for fraction.js@https://registry.npmjs.org/fraction.js/-/fraction.js-4.3.7.tgz. Extracting by manifest.
142 silly tarball no local data for tailwindcss@https://registry.npmjs.org/tailwindcss/-/tailwindcss-4.1.16.tgz. Extracting by manifest.
143 silly tarball no local data for autoprefixer@https://registry.npmjs.org/autoprefixer/-/autoprefixer-10.4.21.tgz. Extracting by manifest.
144 silly tarball no local data for fsevents@https://registry.npmjs.org/fsevents/-/fsevents-2.3.3.tgz. Extracting by manifest.
145 http fetch GET 200 https://registry.npmjs.org/normalize-range/-/normalize-range-0.1.2.tgz 48ms (cache miss)
146 http fetch GET 200 https://registry.npmjs.org/postcss-value-parser/-/postcss-value-parser-4.2.0.tgz 51ms (cache miss)
147 http fetch GET 200 https://registry.npmjs.org/fraction.js/-/fraction.js-4.3.7.tgz 88ms (cache miss)
148 http fetch GET 200 https://registry.npmjs.org/fsevents/-/fsevents-2.3.3.tgz 87ms (cache miss)
149 http fetch GET 200 https://registry.npmjs.org/autoprefixer/-/autoprefixer-10.4.21.tgz 105ms (cache miss)
150 http fetch GET 200 https://registry.npmjs.org/tailwindcss/-/tailwindcss-4.1.16.tgz 109ms (cache miss)
151 http fetch POST 200 https://registry.npmjs.org/-/npm/v1/security/advisories/bulk 237ms
152 silly audit report {
152 silly audit report   esbuild: [
152 silly audit report     {
152 silly audit report       id: 1102341,
152 silly audit report       url: 'https://github.com/advisories/GHSA-67mh-4wv8-2f99',
152 silly audit report       title: 'esbuild enables any website to send any requests to the development server and read the response',
152 silly audit report       severity: 'moderate',
152 silly audit report       vulnerable_versions: '<=0.24.2',
152 silly audit report       cwe: [Array],
152 silly audit report       cvss: [Object]
152 silly audit report     }
152 silly audit report   ]
152 silly audit report }
153 silly packumentCache corgi:https://registry.npmjs.org/esbuild cache-miss
154 http fetch GET 200 https://registry.npmjs.org/esbuild 95ms (cache miss)
155 silly packumentCache corgi:https://registry.npmjs.org/esbuild set size:undefined disposed:false
156 silly packumentCache corgi:https://registry.npmjs.org/vite cache-miss
157 http fetch GET 200 https://registry.npmjs.org/vite 114ms (cache miss)
158 silly packumentCache corgi:https://registry.npmjs.org/vite set size:undefined disposed:false
159 silly packumentCache corgi:https://registry.npmjs.org/@vitejs%2fplugin-react cache-miss
160 http fetch GET 200 https://registry.npmjs.org/@vitejs%2fplugin-react 59ms (cache miss)
161 silly packumentCache corgi:https://registry.npmjs.org/@vitejs%2fplugin-react set size:undefined disposed:false
162 silly ADD node_modules/postcss-value-parser
163 silly ADD node_modules/normalize-range
164 silly ADD node_modules/fraction.js
165 silly ADD node_modules/tailwindcss
166 silly ADD node_modules/autoprefixer
167 silly ADD node_modules/fsevents
168 silly ADD
169 silly ADD
170 silly ADD
171 silly ADD
172 silly ADD
173 silly ADD
174 silly ADD
175 silly ADD
176 silly ADD
177 silly ADD
178 silly ADD
179 silly ADD
180 silly ADD
181 silly ADD
182 silly ADD
183 silly ADD
184 silly ADD
185 silly ADD
186 silly ADD
187 silly ADD
188 silly ADD
189 silly ADD
190 silly ADD
191 silly ADD
192 silly ADD
193 silly ADD
194 silly ADD
195 silly ADD
196 silly ADD
197 silly ADD
198 silly ADD
199 silly ADD
200 silly ADD
201 silly ADD
202 silly ADD
203 silly ADD
204 silly ADD
205 silly ADD
206 silly ADD
207 silly ADD
208 silly ADD
209 silly ADD
210 silly ADD
211 verbose cwd /Users/lindaayoola/mental-load/trello-couples
212 verbose os Darwin 24.6.0
213 verbose node v23.10.0
214 verbose npm  v10.9.2
215 notice
215 notice New major version of npm available! 10.9.2 -> 11.6.2
215 notice Changelog: https://github.com/npm/cli/releases/tag/v11.6.2
215 notice To update run: npm install -g npm@11.6.2
215 notice  { force: true, [Symbol(proc-log.meta)]: true }
216 verbose exit 0
217 info ok
